--- 13:01:21 ---
VmSize:	    2344 kB
VmRSS:	    1284 kB
VmPTE:	      48 kB
HugetlbPages:	       0 kB
Threads:	1
--- 13:01:31 ---
VmSize:	    2344 kB
VmRSS:	    1284 kB
VmPTE:	      48 kB
HugetlbPages:	       0 kB
Threads:	1
--- 13:01:41 ---
VmSize:	    2344 kB
VmRSS:	    1284 kB
VmPTE:	      48 kB
HugetlbPages:	       0 kB
Threads:	1
--- 13:01:51 ---
VmSize:	    2344 kB
VmRSS:	    1284 kB
VmPTE:	      48 kB
HugetlbPages:	       0 kB
Threads:	1
--- 13:02:01 ---
VmSize:	    2344 kB
VmRSS:	    1284 kB
VmPTE:	      48 kB
HugetlbPages:	       0 kB
Threads:	1
--- 13:02:11 ---
VmSize:	    2344 kB
VmRSS:	    1284 kB
VmPTE:	      48 kB
HugetlbPages:	       0 kB
Threads:	1
--- 13:02:21 ---
VmSize:	    2344 kB
VmRSS:	    1284 kB
VmPTE:	      48 kB
HugetlbPages:	       0 kB
Threads:	1
--- 13:02:31 ---
VmSize:	    2344 kB
VmRSS:	    1284 kB
VmPTE:	      48 kB
HugetlbPages:	       0 kB
Threads:	1
--- 13:02:41 ---
VmSize:	    2344 kB
VmRSS:	    1284 kB
VmPTE:	      48 kB
HugetlbPages:	       0 kB
Threads:	1
--- 13:02:51 ---
VmSize:	    2344 kB
VmRSS:	    1284 kB
VmPTE:	      48 kB
HugetlbPages:	       0 kB
Threads:	1
--- 13:03:01 ---
VmSize:	    2344 kB
VmRSS:	    1284 kB
VmPTE:	      48 kB
HugetlbPages:	       0 kB
Threads:	1
--- 13:03:11 ---
VmSize:	    2344 kB
VmRSS:	    1284 kB
VmPTE:	      48 kB
HugetlbPages:	       0 kB
Threads:	1
--- 13:03:21 ---
VmSize:	    2344 kB
VmRSS:	    1284 kB
VmPTE:	      48 kB
HugetlbPages:	       0 kB
Threads:	1
--- 13:03:31 ---
VmSize:	    2344 kB
VmRSS:	    1284 kB
VmPTE:	      48 kB
HugetlbPages:	       0 kB
Threads:	1
--- 13:03:41 ---
VmSize:	    2344 kB
VmRSS:	    1284 kB
VmPTE:	      48 kB
HugetlbPages:	       0 kB
Threads:	1
--- 13:03:51 ---
VmSize:	    2344 kB
VmRSS:	    1284 kB
VmPTE:	      48 kB
HugetlbPages:	       0 kB
Threads:	1
--- 13:04:01 ---
VmSize:	    2344 kB
VmRSS:	    1284 kB
VmPTE:	      48 kB
HugetlbPages:	       0 kB
Threads:	1
--- 13:04:11 ---
VmSize:	    2344 kB
VmRSS:	    1284 kB
VmPTE:	      48 kB
HugetlbPages:	       0 kB
Threads:	1
--- 13:04:21 ---
VmSize:	    2344 kB
VmRSS:	    1284 kB
VmPTE:	      48 kB
HugetlbPages:	       0 kB
Threads:	1
--- 13:04:31 ---
VmSize:	    2344 kB
VmRSS:	    1284 kB
VmPTE:	      48 kB
HugetlbPages:	       0 kB
Threads:	1
--- 13:04:41 ---
VmSize:	    2344 kB
VmRSS:	    1284 kB
VmPTE:	      48 kB
HugetlbPages:	       0 kB
Threads:	1
--- 13:04:51 ---
VmSize:	    2344 kB
VmRSS:	    1284 kB
VmPTE:	      48 kB
HugetlbPages:	       0 kB
Threads:	1
--- 13:05:01 ---
VmSize:	    2344 kB
VmRSS:	    1284 kB
VmPTE:	      48 kB
HugetlbPages:	       0 kB
Threads:	1
--- 13:05:11 ---
VmSize:	    2344 kB
VmRSS:	    1284 kB
VmPTE:	      48 kB
HugetlbPages:	       0 kB
Threads:	1
--- 13:05:21 ---
VmSize:	    2344 kB
VmRSS:	    1284 kB
VmPTE:	      48 kB
HugetlbPages:	       0 kB
Threads:	1
--- 13:05:32 ---
VmSize:	    2344 kB
VmRSS:	    1284 kB
VmPTE:	      48 kB
HugetlbPages:	       0 kB
Threads:	1
--- 13:05:42 ---
VmSize:	    2344 kB
VmRSS:	    1284 kB
VmPTE:	      48 kB
HugetlbPages:	       0 kB
Threads:	1
--- 13:05:52 ---
VmSize:	    2344 kB
VmRSS:	    1284 kB
VmPTE:	      48 kB
HugetlbPages:	       0 kB
Threads:	1
--- 13:06:02 ---
VmSize:	    2344 kB
VmRSS:	    1284 kB
VmPTE:	      48 kB
HugetlbPages:	       0 kB
Threads:	1
--- 13:06:12 ---
VmSize:	    2344 kB
VmRSS:	    1284 kB
VmPTE:	      48 kB
HugetlbPages:	       0 kB
Threads:	1
--- 13:06:22 ---
VmSize:	    2344 kB
VmRSS:	    1284 kB
VmPTE:	      48 kB
HugetlbPages:	       0 kB
Threads:	1
--- 13:06:32 ---
VmSize:	    2344 kB
VmRSS:	    1284 kB
VmPTE:	      48 kB
HugetlbPages:	       0 kB
Threads:	1
--- 13:06:42 ---
VmSize:	    2344 kB
VmRSS:	    1284 kB
VmPTE:	      48 kB
HugetlbPages:	       0 kB
Threads:	1
--- 13:06:52 ---
VmSize:	    2344 kB
VmRSS:	    1284 kB
VmPTE:	      48 kB
HugetlbPages:	       0 kB
Threads:	1
--- 13:07:02 ---
VmSize:	    2344 kB
VmRSS:	    1284 kB
VmPTE:	      48 kB
HugetlbPages:	       0 kB
Threads:	1
--- 13:07:12 ---
VmSize:	    2344 kB
VmRSS:	    1284 kB
VmPTE:	      48 kB
HugetlbPages:	       0 kB
Threads:	1
--- 13:07:22 ---
VmSize:	    2344 kB
VmRSS:	    1284 kB
VmPTE:	      48 kB
HugetlbPages:	       0 kB
Threads:	1
--- 13:07:32 ---
VmSize:	    2344 kB
VmRSS:	    1284 kB
VmPTE:	      48 kB
HugetlbPages:	       0 kB
Threads:	1
--- 13:07:42 ---
VmSize:	    2344 kB
VmRSS:	    1284 kB
VmPTE:	      48 kB
HugetlbPages:	       0 kB
Threads:	1
--- 13:07:52 ---
VmSize:	    2344 kB
VmRSS:	    1284 kB
VmPTE:	      48 kB
HugetlbPages:	       0 kB
Threads:	1
--- 13:08:02 ---
VmSize:	    2344 kB
VmRSS:	    1284 kB
VmPTE:	      48 kB
HugetlbPages:	       0 kB
Threads:	1
--- 13:08:12 ---
VmSize:	    2344 kB
VmRSS:	    1284 kB
VmPTE:	      48 kB
HugetlbPages:	       0 kB
Threads:	1
--- 13:08:22 ---
VmSize:	    2344 kB
VmRSS:	    1284 kB
VmPTE:	      48 kB
HugetlbPages:	       0 kB
Threads:	1
--- 13:08:32 ---
VmSize:	    2344 kB
VmRSS:	    1284 kB
VmPTE:	      48 kB
HugetlbPages:	       0 kB
Threads:	1
--- 13:08:42 ---
VmSize:	    2344 kB
VmRSS:	    1284 kB
VmPTE:	      48 kB
HugetlbPages:	       0 kB
Threads:	1
--- 13:08:52 ---
VmSize:	    2344 kB
VmRSS:	    1284 kB
VmPTE:	      48 kB
HugetlbPages:	       0 kB
Threads:	1
--- 13:09:02 ---
VmSize:	    2344 kB
VmRSS:	    1284 kB
VmPTE:	      48 kB
HugetlbPages:	       0 kB
Threads:	1
--- 13:09:12 ---
VmSize:	    2344 kB
VmRSS:	    1284 kB
VmPTE:	      48 kB
HugetlbPages:	       0 kB
Threads:	1
--- 13:09:22 ---
VmSize:	    2344 kB
VmRSS:	    1284 kB
VmPTE:	      48 kB
HugetlbPages:	       0 kB
Threads:	1
--- 13:09:32 ---
VmSize:	    2344 kB
VmRSS:	    1284 kB
VmPTE:	      48 kB
HugetlbPages:	       0 kB
Threads:	1
--- 13:09:42 ---
VmSize:	    2344 kB
VmRSS:	    1284 kB
VmPTE:	      48 kB
HugetlbPages:	       0 kB
Threads:	1
--- 13:09:52 ---
VmSize:	    2344 kB
VmRSS:	    1284 kB
VmPTE:	      48 kB
HugetlbPages:	       0 kB
Threads:	1
--- 13:10:02 ---
VmSize:	    2344 kB
VmRSS:	    1284 kB
VmPTE:	      48 kB
HugetlbPages:	       0 kB
Threads:	1
--- 13:10:12 ---
VmSize:	    2344 kB
VmRSS:	    1284 kB
VmPTE:	      48 kB
HugetlbPages:	       0 kB
Threads:	1
--- 13:10:22 ---
VmSize:	    2344 kB
VmRSS:	    1284 kB
VmPTE:	      48 kB
HugetlbPages:	       0 kB
Threads:	1
--- 13:10:32 ---
VmSize:	    2344 kB
VmRSS:	    1284 kB
VmPTE:	      48 kB
HugetlbPages:	       0 kB
Threads:	1
--- 13:10:42 ---
VmSize:	    2344 kB
VmRSS:	    1284 kB
VmPTE:	      48 kB
HugetlbPages:	       0 kB
Threads:	1
--- 13:10:52 ---
VmSize:	    2344 kB
VmRSS:	    1284 kB
VmPTE:	      48 kB
HugetlbPages:	       0 kB
Threads:	1
--- 13:11:02 ---
VmSize:	    2344 kB
VmRSS:	    1284 kB
VmPTE:	      48 kB
HugetlbPages:	       0 kB
Threads:	1
--- 13:11:12 ---
VmSize:	    2344 kB
VmRSS:	    1284 kB
VmPTE:	      48 kB
HugetlbPages:	       0 kB
Threads:	1
--- 13:11:22 ---
VmSize:	    2344 kB
VmRSS:	    1284 kB
VmPTE:	      48 kB
HugetlbPages:	       0 kB
Threads:	1
--- 13:11:32 ---
VmSize:	    2344 kB
VmRSS:	    1284 kB
VmPTE:	      48 kB
HugetlbPages:	       0 kB
Threads:	1
--- 13:11:42 ---
VmSize:	    2344 kB
VmRSS:	    1284 kB
VmPTE:	      48 kB
HugetlbPages:	       0 kB
Threads:	1
--- 13:11:52 ---
VmSize:	    2344 kB
VmRSS:	    1284 kB
VmPTE:	      48 kB
HugetlbPages:	       0 kB
Threads:	1
--- 13:12:02 ---
VmSize:	    2344 kB
VmRSS:	    1284 kB
VmPTE:	      48 kB
HugetlbPages:	       0 kB
Threads:	1
--- 13:12:12 ---
VmSize:	    2344 kB
VmRSS:	    1284 kB
VmPTE:	      48 kB
HugetlbPages:	       0 kB
Threads:	1
--- 13:12:22 ---
VmSize:	    2344 kB
VmRSS:	    1284 kB
VmPTE:	      48 kB
HugetlbPages:	       0 kB
Threads:	1
--- 13:12:32 ---
VmSize:	    2344 kB
VmRSS:	    1284 kB
VmPTE:	      48 kB
HugetlbPages:	       0 kB
Threads:	1
--- 13:12:42 ---
VmSize:	    2344 kB
VmRSS:	    1284 kB
VmPTE:	      48 kB
HugetlbPages:	       0 kB
Threads:	1
--- 13:12:52 ---
VmSize:	    2344 kB
VmRSS:	    1284 kB
VmPTE:	      48 kB
HugetlbPages:	       0 kB
Threads:	1
--- 13:13:02 ---
VmSize:	    2344 kB
VmRSS:	    1284 kB
VmPTE:	      48 kB
HugetlbPages:	       0 kB
Threads:	1
--- 13:13:12 ---
VmSize:	    2344 kB
VmRSS:	    1284 kB
VmPTE:	      48 kB
HugetlbPages:	       0 kB
Threads:	1
--- 13:13:22 ---
VmSize:	    2344 kB
VmRSS:	    1284 kB
VmPTE:	      48 kB
HugetlbPages:	       0 kB
Threads:	1
--- 13:13:32 ---
VmSize:	    2344 kB
VmRSS:	    1284 kB
VmPTE:	      48 kB
HugetlbPages:	       0 kB
Threads:	1
--- 13:13:42 ---
VmSize:	    2344 kB
VmRSS:	    1284 kB
VmPTE:	      48 kB
HugetlbPages:	       0 kB
Threads:	1
--- 13:13:52 ---
VmSize:	    2344 kB
VmRSS:	    1284 kB
VmPTE:	      48 kB
HugetlbPages:	       0 kB
Threads:	1
--- 13:14:02 ---
VmSize:	    2344 kB
VmRSS:	    1284 kB
VmPTE:	      48 kB
HugetlbPages:	       0 kB
Threads:	1
--- 13:14:12 ---
VmSize:	    2344 kB
VmRSS:	    1284 kB
VmPTE:	      48 kB
HugetlbPages:	       0 kB
Threads:	1
--- 13:14:22 ---
VmSize:	    2344 kB
VmRSS:	    1284 kB
VmPTE:	      48 kB
HugetlbPages:	       0 kB
Threads:	1
--- 13:14:32 ---
VmSize:	    2344 kB
VmRSS:	    1284 kB
VmPTE:	      48 kB
HugetlbPages:	       0 kB
Threads:	1
--- 13:14:42 ---
VmSize:	    2344 kB
VmRSS:	    1284 kB
VmPTE:	      48 kB
HugetlbPages:	       0 kB
Threads:	1
--- 13:14:52 ---
VmSize:	    2344 kB
VmRSS:	    1284 kB
VmPTE:	      48 kB
HugetlbPages:	       0 kB
Threads:	1
--- 13:15:02 ---
VmSize:	    2344 kB
VmRSS:	    1284 kB
VmPTE:	      48 kB
HugetlbPages:	       0 kB
Threads:	1
--- 13:15:12 ---
VmSize:	    2344 kB
VmRSS:	    1284 kB
VmPTE:	      48 kB
HugetlbPages:	       0 kB
Threads:	1
--- 13:15:22 ---
VmSize:	    2344 kB
VmRSS:	    1284 kB
VmPTE:	      48 kB
HugetlbPages:	       0 kB
Threads:	1
--- 13:15:32 ---
VmSize:	    2344 kB
VmRSS:	    1284 kB
VmPTE:	      48 kB
HugetlbPages:	       0 kB
Threads:	1
--- 13:15:42 ---
VmSize:	    2344 kB
VmRSS:	    1284 kB
VmPTE:	      48 kB
HugetlbPages:	       0 kB
Threads:	1
--- 13:15:52 ---
VmSize:	    2344 kB
VmRSS:	    1284 kB
VmPTE:	      48 kB
HugetlbPages:	       0 kB
Threads:	1
--- 13:16:02 ---
VmSize:	    2344 kB
VmRSS:	    1284 kB
VmPTE:	      48 kB
HugetlbPages:	       0 kB
Threads:	1
--- 13:16:12 ---
VmSize:	    2344 kB
VmRSS:	    1284 kB
VmPTE:	      48 kB
HugetlbPages:	       0 kB
Threads:	1
--- 13:16:22 ---
VmSize:	    2344 kB
VmRSS:	    1284 kB
VmPTE:	      48 kB
HugetlbPages:	       0 kB
Threads:	1
--- 13:16:32 ---
VmSize:	    2344 kB
VmRSS:	    1284 kB
VmPTE:	      48 kB
HugetlbPages:	       0 kB
Threads:	1
--- 13:16:42 ---
VmSize:	    2344 kB
VmRSS:	    1284 kB
VmPTE:	      48 kB
HugetlbPages:	       0 kB
Threads:	1
--- 13:16:52 ---
VmSize:	    2344 kB
VmRSS:	    1284 kB
VmPTE:	      48 kB
HugetlbPages:	       0 kB
Threads:	1
--- 13:17:02 ---
VmSize:	    2344 kB
VmRSS:	    1284 kB
VmPTE:	      48 kB
HugetlbPages:	       0 kB
Threads:	1
--- 13:17:12 ---
VmSize:	    2344 kB
VmRSS:	    1284 kB
VmPTE:	      48 kB
HugetlbPages:	       0 kB
Threads:	1
--- 13:17:22 ---
VmSize:	    2344 kB
VmRSS:	    1284 kB
VmPTE:	      48 kB
HugetlbPages:	       0 kB
Threads:	1
--- 13:17:32 ---
VmSize:	    2344 kB
VmRSS:	    1284 kB
VmPTE:	      48 kB
HugetlbPages:	       0 kB
Threads:	1
--- 13:17:42 ---
VmSize:	    2344 kB
VmRSS:	    1284 kB
VmPTE:	      48 kB
HugetlbPages:	       0 kB
Threads:	1
--- 13:17:52 ---
VmSize:	    2344 kB
VmRSS:	    1284 kB
VmPTE:	      48 kB
HugetlbPages:	       0 kB
Threads:	1
--- 13:18:02 ---
VmSize:	    2344 kB
VmRSS:	    1284 kB
VmPTE:	      48 kB
HugetlbPages:	       0 kB
Threads:	1
--- 13:18:12 ---
VmSize:	    2344 kB
VmRSS:	    1284 kB
VmPTE:	      48 kB
HugetlbPages:	       0 kB
Threads:	1
--- 13:18:22 ---
VmSize:	    2344 kB
VmRSS:	    1284 kB
VmPTE:	      48 kB
HugetlbPages:	       0 kB
Threads:	1
--- 13:18:32 ---
VmSize:	    2344 kB
VmRSS:	    1284 kB
VmPTE:	      48 kB
HugetlbPages:	       0 kB
Threads:	1
--- 13:18:42 ---
VmSize:	    2344 kB
VmRSS:	    1284 kB
VmPTE:	      48 kB
HugetlbPages:	       0 kB
Threads:	1
--- 13:18:52 ---
VmSize:	    2344 kB
VmRSS:	    1284 kB
VmPTE:	      48 kB
HugetlbPages:	       0 kB
Threads:	1
--- 13:19:02 ---
VmSize:	    2344 kB
VmRSS:	    1284 kB
VmPTE:	      48 kB
HugetlbPages:	       0 kB
Threads:	1
--- 13:19:12 ---
VmSize:	    2344 kB
VmRSS:	    1284 kB
VmPTE:	      48 kB
HugetlbPages:	       0 kB
Threads:	1
--- 13:19:22 ---
VmSize:	    2344 kB
VmRSS:	    1284 kB
VmPTE:	      48 kB
HugetlbPages:	       0 kB
Threads:	1
--- 13:19:32 ---
VmSize:	    2344 kB
VmRSS:	    1284 kB
VmPTE:	      48 kB
HugetlbPages:	       0 kB
Threads:	1
--- 13:19:42 ---
VmSize:	    2344 kB
VmRSS:	    1284 kB
VmPTE:	      48 kB
HugetlbPages:	       0 kB
Threads:	1
--- 13:19:52 ---
VmSize:	    2344 kB
VmRSS:	    1284 kB
VmPTE:	      48 kB
HugetlbPages:	       0 kB
Threads:	1
--- 13:20:02 ---
VmSize:	    2344 kB
VmRSS:	    1284 kB
VmPTE:	      48 kB
HugetlbPages:	       0 kB
Threads:	1
--- 13:20:12 ---
VmSize:	    2344 kB
VmRSS:	    1284 kB
VmPTE:	      48 kB
HugetlbPages:	       0 kB
Threads:	1
--- 13:20:22 ---
VmSize:	    2344 kB
VmRSS:	    1284 kB
VmPTE:	      48 kB
HugetlbPages:	       0 kB
Threads:	1
--- 13:20:32 ---
VmSize:	    2344 kB
VmRSS:	    1284 kB
VmPTE:	      48 kB
HugetlbPages:	       0 kB
Threads:	1
--- 13:20:42 ---
VmSize:	    2344 kB
VmRSS:	    1284 kB
VmPTE:	      48 kB
HugetlbPages:	       0 kB
Threads:	1
--- 13:20:52 ---
VmSize:	    2344 kB
VmRSS:	    1284 kB
VmPTE:	      48 kB
HugetlbPages:	       0 kB
Threads:	1
--- 13:21:02 ---
VmSize:	    2344 kB
VmRSS:	    1284 kB
VmPTE:	      48 kB
HugetlbPages:	       0 kB
Threads:	1
--- 13:21:12 ---
VmSize:	    2344 kB
VmRSS:	    1284 kB
VmPTE:	      48 kB
HugetlbPages:	       0 kB
Threads:	1
--- 13:21:22 ---
VmSize:	    2344 kB
VmRSS:	    1284 kB
VmPTE:	      48 kB
HugetlbPages:	       0 kB
Threads:	1
--- 13:21:32 ---
VmSize:	    2344 kB
VmRSS:	    1284 kB
VmPTE:	      48 kB
HugetlbPages:	       0 kB
Threads:	1
--- 13:21:42 ---
VmSize:	    2344 kB
VmRSS:	    1284 kB
VmPTE:	      48 kB
HugetlbPages:	       0 kB
Threads:	1
--- 13:21:52 ---
VmSize:	    2344 kB
VmRSS:	    1284 kB
VmPTE:	      48 kB
HugetlbPages:	       0 kB
Threads:	1
--- 13:22:02 ---
VmSize:	    2344 kB
VmRSS:	    1284 kB
VmPTE:	      48 kB
HugetlbPages:	       0 kB
Threads:	1
--- 13:22:12 ---
VmSize:	    2344 kB
VmRSS:	    1284 kB
VmPTE:	      48 kB
HugetlbPages:	       0 kB
Threads:	1
--- 13:22:22 ---
VmSize:	    2344 kB
VmRSS:	    1284 kB
VmPTE:	      48 kB
HugetlbPages:	       0 kB
Threads:	1
--- 13:22:32 ---
VmSize:	    2344 kB
VmRSS:	    1284 kB
VmPTE:	      48 kB
HugetlbPages:	       0 kB
Threads:	1
--- 13:22:42 ---
VmSize:	    2344 kB
VmRSS:	    1284 kB
VmPTE:	      48 kB
HugetlbPages:	       0 kB
Threads:	1
--- 13:22:52 ---
VmSize:	    2344 kB
VmRSS:	    1284 kB
VmPTE:	      48 kB
HugetlbPages:	       0 kB
Threads:	1
--- 13:23:02 ---
VmSize:	    2344 kB
VmRSS:	    1284 kB
VmPTE:	      48 kB
HugetlbPages:	       0 kB
Threads:	1
--- 13:23:12 ---
VmSize:	    2344 kB
VmRSS:	    1284 kB
VmPTE:	      48 kB
HugetlbPages:	       0 kB
Threads:	1
--- 13:23:22 ---
VmSize:	    2344 kB
VmRSS:	    1284 kB
VmPTE:	      48 kB
HugetlbPages:	       0 kB
Threads:	1
--- 13:23:32 ---
VmSize:	    2344 kB
VmRSS:	    1284 kB
VmPTE:	      48 kB
HugetlbPages:	       0 kB
Threads:	1
--- 13:23:42 ---
VmSize:	    2344 kB
VmRSS:	    1284 kB
VmPTE:	      48 kB
HugetlbPages:	       0 kB
Threads:	1
--- 13:23:52 ---
VmSize:	    2344 kB
VmRSS:	    1284 kB
VmPTE:	      48 kB
HugetlbPages:	       0 kB
Threads:	1
--- 13:24:02 ---
VmSize:	    2344 kB
VmRSS:	    1284 kB
VmPTE:	      48 kB
HugetlbPages:	       0 kB
Threads:	1
--- 13:24:12 ---
VmSize:	    2344 kB
VmRSS:	    1284 kB
VmPTE:	      48 kB
HugetlbPages:	       0 kB
Threads:	1
--- 13:24:22 ---
VmSize:	    2344 kB
VmRSS:	    1284 kB
VmPTE:	      48 kB
HugetlbPages:	       0 kB
Threads:	1
--- 13:24:32 ---
VmSize:	    2344 kB
VmRSS:	    1284 kB
VmPTE:	      48 kB
HugetlbPages:	       0 kB
Threads:	1
--- 13:24:42 ---
VmSize:	    2344 kB
VmRSS:	    1284 kB
VmPTE:	      48 kB
HugetlbPages:	       0 kB
Threads:	1
--- 13:24:52 ---
VmSize:	    2344 kB
VmRSS:	    1284 kB
VmPTE:	      48 kB
HugetlbPages:	       0 kB
Threads:	1
--- 13:25:02 ---
VmSize:	    2344 kB
VmRSS:	    1284 kB
VmPTE:	      48 kB
HugetlbPages:	       0 kB
Threads:	1
--- 13:25:12 ---
VmSize:	    2344 kB
VmRSS:	    1284 kB
VmPTE:	      48 kB
HugetlbPages:	       0 kB
Threads:	1
--- 13:25:22 ---
VmSize:	    2344 kB
VmRSS:	    1284 kB
VmPTE:	      48 kB
HugetlbPages:	       0 kB
Threads:	1
--- 13:25:32 ---
VmSize:	    2344 kB
VmRSS:	    1284 kB
VmPTE:	      48 kB
HugetlbPages:	       0 kB
Threads:	1
--- 13:25:42 ---
VmSize:	    2344 kB
VmRSS:	    1284 kB
VmPTE:	      48 kB
HugetlbPages:	       0 kB
Threads:	1
--- 13:25:52 ---
VmSize:	    2344 kB
VmRSS:	    1284 kB
VmPTE:	      48 kB
HugetlbPages:	       0 kB
Threads:	1
--- 13:26:02 ---
VmSize:	    2344 kB
VmRSS:	    1284 kB
VmPTE:	      48 kB
HugetlbPages:	       0 kB
Threads:	1
--- 13:26:12 ---
VmSize:	    2344 kB
VmRSS:	    1284 kB
VmPTE:	      48 kB
HugetlbPages:	       0 kB
Threads:	1
--- 13:26:22 ---
VmSize:	    2344 kB
VmRSS:	    1284 kB
VmPTE:	      48 kB
HugetlbPages:	       0 kB
Threads:	1
--- 13:26:32 ---
VmSize:	    2344 kB
VmRSS:	    1284 kB
VmPTE:	      48 kB
HugetlbPages:	       0 kB
Threads:	1
--- 13:26:42 ---
VmSize:	    2344 kB
VmRSS:	    1284 kB
VmPTE:	      48 kB
HugetlbPages:	       0 kB
Threads:	1
--- 13:26:52 ---
VmSize:	    2344 kB
VmRSS:	    1284 kB
VmPTE:	      48 kB
HugetlbPages:	       0 kB
Threads:	1
--- 13:27:02 ---
VmSize:	    2344 kB
VmRSS:	    1284 kB
VmPTE:	      48 kB
HugetlbPages:	       0 kB
Threads:	1
--- 13:27:12 ---
VmSize:	    2344 kB
VmRSS:	    1284 kB
VmPTE:	      48 kB
HugetlbPages:	       0 kB
Threads:	1
--- 13:27:22 ---
VmSize:	    2344 kB
VmRSS:	    1284 kB
VmPTE:	      48 kB
HugetlbPages:	       0 kB
Threads:	1
--- 13:27:32 ---
VmSize:	    2344 kB
VmRSS:	    1284 kB
VmPTE:	      48 kB
HugetlbPages:	       0 kB
Threads:	1
--- 13:27:42 ---
VmSize:	    2344 kB
VmRSS:	    1284 kB
VmPTE:	      48 kB
HugetlbPages:	       0 kB
Threads:	1
--- 13:27:52 ---
VmSize:	    2344 kB
VmRSS:	    1284 kB
VmPTE:	      48 kB
HugetlbPages:	       0 kB
Threads:	1
--- 13:28:02 ---
VmSize:	    2344 kB
VmRSS:	    1284 kB
VmPTE:	      48 kB
HugetlbPages:	       0 kB
Threads:	1
--- 13:28:12 ---
VmSize:	    2344 kB
VmRSS:	    1284 kB
VmPTE:	      48 kB
HugetlbPages:	       0 kB
Threads:	1
--- 13:28:22 ---
VmSize:	    2344 kB
VmRSS:	    1284 kB
VmPTE:	      48 kB
HugetlbPages:	       0 kB
Threads:	1
--- 13:28:32 ---
VmSize:	    2344 kB
VmRSS:	    1284 kB
VmPTE:	      48 kB
HugetlbPages:	       0 kB
Threads:	1
--- 13:28:42 ---
VmSize:	    2344 kB
VmRSS:	    1284 kB
VmPTE:	      48 kB
HugetlbPages:	       0 kB
Threads:	1
--- 13:28:52 ---
VmSize:	    2344 kB
VmRSS:	    1284 kB
VmPTE:	      48 kB
HugetlbPages:	       0 kB
Threads:	1
--- 13:29:02 ---
VmSize:	    2344 kB
VmRSS:	    1284 kB
VmPTE:	      48 kB
HugetlbPages:	       0 kB
Threads:	1
--- 13:29:12 ---
VmSize:	    2344 kB
VmRSS:	    1284 kB
VmPTE:	      48 kB
HugetlbPages:	       0 kB
Threads:	1
--- 13:29:22 ---
VmSize:	    2344 kB
VmRSS:	    1284 kB
VmPTE:	      48 kB
HugetlbPages:	       0 kB
Threads:	1
--- 13:29:32 ---
VmSize:	    2344 kB
VmRSS:	    1284 kB
VmPTE:	      48 kB
HugetlbPages:	       0 kB
Threads:	1
--- 13:29:43 ---
VmSize:	    2344 kB
VmRSS:	    1284 kB
VmPTE:	      48 kB
HugetlbPages:	       0 kB
Threads:	1
--- 13:29:53 ---
VmSize:	    2344 kB
VmRSS:	    1284 kB
VmPTE:	      48 kB
HugetlbPages:	       0 kB
Threads:	1
--- 13:30:03 ---
VmSize:	    2344 kB
VmRSS:	    1284 kB
VmPTE:	      48 kB
HugetlbPages:	       0 kB
Threads:	1
--- 13:30:13 ---
VmSize:	    2344 kB
VmRSS:	    1284 kB
VmPTE:	      48 kB
HugetlbPages:	       0 kB
Threads:	1
--- 13:30:23 ---
VmSize:	    2344 kB
VmRSS:	    1284 kB
VmPTE:	      48 kB
HugetlbPages:	       0 kB
Threads:	1
--- 13:30:33 ---
VmSize:	    2344 kB
VmRSS:	    1284 kB
VmPTE:	      48 kB
HugetlbPages:	       0 kB
Threads:	1
--- 13:30:43 ---
VmSize:	    2344 kB
VmRSS:	    1284 kB
VmPTE:	      48 kB
HugetlbPages:	       0 kB
Threads:	1
--- 13:30:53 ---
VmSize:	    2344 kB
VmRSS:	    1284 kB
VmPTE:	      48 kB
HugetlbPages:	       0 kB
Threads:	1
--- 13:31:03 ---
VmSize:	    2344 kB
VmRSS:	    1284 kB
VmPTE:	      48 kB
HugetlbPages:	       0 kB
Threads:	1
--- 13:31:13 ---
VmSize:	    2344 kB
VmRSS:	    1284 kB
VmPTE:	      48 kB
HugetlbPages:	       0 kB
Threads:	1
--- 13:31:23 ---
VmSize:	    2344 kB
VmRSS:	    1284 kB
VmPTE:	      48 kB
HugetlbPages:	       0 kB
Threads:	1
--- 13:31:33 ---
VmSize:	    2344 kB
VmRSS:	    1284 kB
VmPTE:	      48 kB
HugetlbPages:	       0 kB
Threads:	1
--- 13:31:43 ---
VmSize:	    2344 kB
VmRSS:	    1284 kB
VmPTE:	      48 kB
HugetlbPages:	       0 kB
Threads:	1
--- 13:31:53 ---
VmSize:	    2344 kB
VmRSS:	    1284 kB
VmPTE:	      48 kB
HugetlbPages:	       0 kB
Threads:	1
--- 13:32:03 ---
VmSize:	    2344 kB
VmRSS:	    1284 kB
VmPTE:	      48 kB
HugetlbPages:	       0 kB
Threads:	1
--- 13:32:13 ---
VmSize:	    2344 kB
VmRSS:	    1284 kB
VmPTE:	      48 kB
HugetlbPages:	       0 kB
Threads:	1
--- 13:32:23 ---
VmSize:	    2344 kB
VmRSS:	    1284 kB
VmPTE:	      48 kB
HugetlbPages:	       0 kB
Threads:	1
--- 13:32:33 ---
VmSize:	    2344 kB
VmRSS:	    1284 kB
VmPTE:	      48 kB
HugetlbPages:	       0 kB
Threads:	1
--- 13:32:43 ---
VmSize:	    2344 kB
VmRSS:	    1284 kB
VmPTE:	      48 kB
HugetlbPages:	       0 kB
Threads:	1
--- 13:32:53 ---
VmSize:	    2344 kB
VmRSS:	    1284 kB
VmPTE:	      48 kB
HugetlbPages:	       0 kB
Threads:	1
--- 13:33:03 ---
VmSize:	    2344 kB
VmRSS:	    1284 kB
VmPTE:	      48 kB
HugetlbPages:	       0 kB
Threads:	1
--- 13:33:13 ---
VmSize:	    2344 kB
VmRSS:	    1284 kB
VmPTE:	      48 kB
HugetlbPages:	       0 kB
Threads:	1
--- 13:33:23 ---
VmSize:	    2344 kB
VmRSS:	    1284 kB
VmPTE:	      48 kB
HugetlbPages:	       0 kB
Threads:	1
--- 13:33:33 ---
VmSize:	    2344 kB
VmRSS:	    1284 kB
VmPTE:	      48 kB
HugetlbPages:	       0 kB
Threads:	1
--- 13:33:43 ---
VmSize:	    2344 kB
VmRSS:	    1284 kB
VmPTE:	      48 kB
HugetlbPages:	       0 kB
Threads:	1
--- 13:33:53 ---
VmSize:	    2344 kB
VmRSS:	    1284 kB
VmPTE:	      48 kB
HugetlbPages:	       0 kB
Threads:	1
--- 13:34:03 ---
VmSize:	    2344 kB
VmRSS:	    1284 kB
VmPTE:	      48 kB
HugetlbPages:	       0 kB
Threads:	1
--- 13:34:13 ---
VmSize:	    2344 kB
VmRSS:	    1284 kB
VmPTE:	      48 kB
HugetlbPages:	       0 kB
Threads:	1
--- 13:34:23 ---
VmSize:	    2344 kB
VmRSS:	    1284 kB
VmPTE:	      48 kB
HugetlbPages:	       0 kB
Threads:	1
--- 13:34:33 ---
VmSize:	    2344 kB
VmRSS:	    1284 kB
VmPTE:	      48 kB
HugetlbPages:	       0 kB
Threads:	1
--- 13:34:43 ---
VmSize:	    2344 kB
VmRSS:	    1284 kB
VmPTE:	      48 kB
HugetlbPages:	       0 kB
Threads:	1
--- 13:34:53 ---
VmSize:	    2344 kB
VmRSS:	    1284 kB
VmPTE:	      48 kB
HugetlbPages:	       0 kB
Threads:	1
--- 13:35:03 ---
VmSize:	    2344 kB
VmRSS:	    1284 kB
VmPTE:	      48 kB
HugetlbPages:	       0 kB
Threads:	1
--- 13:35:13 ---
VmSize:	    2344 kB
VmRSS:	    1284 kB
VmPTE:	      48 kB
HugetlbPages:	       0 kB
Threads:	1
--- 13:35:23 ---
VmSize:	    2344 kB
VmRSS:	    1284 kB
VmPTE:	      48 kB
HugetlbPages:	       0 kB
Threads:	1
--- 13:35:33 ---
VmSize:	    2344 kB
VmRSS:	    1284 kB
VmPTE:	      48 kB
HugetlbPages:	       0 kB
Threads:	1
--- 13:35:43 ---
VmSize:	    2344 kB
VmRSS:	    1284 kB
VmPTE:	      48 kB
HugetlbPages:	       0 kB
Threads:	1
--- 13:35:53 ---
VmSize:	    2344 kB
VmRSS:	    1284 kB
VmPTE:	      48 kB
HugetlbPages:	       0 kB
Threads:	1
--- 13:36:03 ---
VmSize:	    2344 kB
VmRSS:	    1284 kB
VmPTE:	      48 kB
HugetlbPages:	       0 kB
Threads:	1
--- 13:36:13 ---
VmSize:	    2344 kB
VmRSS:	    1284 kB
VmPTE:	      48 kB
HugetlbPages:	       0 kB
Threads:	1
--- 13:36:23 ---
VmSize:	    2344 kB
VmRSS:	    1284 kB
VmPTE:	      48 kB
HugetlbPages:	       0 kB
Threads:	1
--- 13:36:33 ---
VmSize:	    2344 kB
VmRSS:	    1284 kB
VmPTE:	      48 kB
HugetlbPages:	       0 kB
Threads:	1
--- 13:36:43 ---
VmSize:	    2344 kB
VmRSS:	    1284 kB
VmPTE:	      48 kB
HugetlbPages:	       0 kB
Threads:	1
--- 13:36:53 ---
VmSize:	    2344 kB
VmRSS:	    1284 kB
VmPTE:	      48 kB
HugetlbPages:	       0 kB
Threads:	1
--- 13:37:03 ---
VmSize:	    2344 kB
VmRSS:	    1284 kB
VmPTE:	      48 kB
HugetlbPages:	       0 kB
Threads:	1
--- 13:37:13 ---
VmSize:	    2344 kB
VmRSS:	    1284 kB
VmPTE:	      48 kB
HugetlbPages:	       0 kB
Threads:	1
--- 13:37:23 ---
VmSize:	    2344 kB
VmRSS:	    1284 kB
VmPTE:	      48 kB
HugetlbPages:	       0 kB
Threads:	1
--- 13:37:33 ---
VmSize:	    2344 kB
VmRSS:	    1284 kB
VmPTE:	      48 kB
HugetlbPages:	       0 kB
Threads:	1
--- 13:37:43 ---
VmSize:	    2344 kB
VmRSS:	    1284 kB
VmPTE:	      48 kB
HugetlbPages:	       0 kB
Threads:	1
--- 13:37:53 ---
VmSize:	    2344 kB
VmRSS:	    1284 kB
VmPTE:	      48 kB
HugetlbPages:	       0 kB
Threads:	1
--- 13:38:03 ---
VmSize:	    2344 kB
VmRSS:	    1284 kB
VmPTE:	      48 kB
HugetlbPages:	       0 kB
Threads:	1
--- 13:38:13 ---
VmSize:	    2344 kB
VmRSS:	    1284 kB
VmPTE:	      48 kB
HugetlbPages:	       0 kB
Threads:	1
--- 13:38:23 ---
VmSize:	    2344 kB
VmRSS:	    1284 kB
VmPTE:	      48 kB
HugetlbPages:	       0 kB
Threads:	1
--- 13:38:33 ---
VmSize:	    2344 kB
VmRSS:	    1284 kB
VmPTE:	      48 kB
HugetlbPages:	       0 kB
Threads:	1
--- 13:38:43 ---
VmSize:	    2344 kB
VmRSS:	    1284 kB
VmPTE:	      48 kB
HugetlbPages:	       0 kB
Threads:	1
--- 13:38:53 ---
VmSize:	    2344 kB
VmRSS:	    1284 kB
VmPTE:	      48 kB
HugetlbPages:	       0 kB
Threads:	1
--- 13:39:03 ---
VmSize:	    2344 kB
VmRSS:	    1284 kB
VmPTE:	      48 kB
HugetlbPages:	       0 kB
Threads:	1
--- 13:39:13 ---
VmSize:	    2344 kB
VmRSS:	    1284 kB
VmPTE:	      48 kB
HugetlbPages:	       0 kB
Threads:	1
--- 13:39:23 ---
VmSize:	    2344 kB
VmRSS:	    1284 kB
VmPTE:	      48 kB
HugetlbPages:	       0 kB
Threads:	1
--- 13:39:33 ---
VmSize:	    2344 kB
VmRSS:	    1284 kB
VmPTE:	      48 kB
HugetlbPages:	       0 kB
Threads:	1
--- 13:39:43 ---
VmSize:	    2344 kB
VmRSS:	    1284 kB
VmPTE:	      48 kB
HugetlbPages:	       0 kB
Threads:	1
--- 13:39:53 ---
VmSize:	    2344 kB
VmRSS:	    1284 kB
VmPTE:	      48 kB
HugetlbPages:	       0 kB
Threads:	1
--- 13:40:03 ---
VmSize:	    2344 kB
VmRSS:	    1284 kB
VmPTE:	      48 kB
HugetlbPages:	       0 kB
Threads:	1
--- 13:40:13 ---
VmSize:	    2344 kB
VmRSS:	    1284 kB
VmPTE:	      48 kB
HugetlbPages:	       0 kB
Threads:	1
--- 13:40:23 ---
VmSize:	    2344 kB
VmRSS:	    1284 kB
VmPTE:	      48 kB
HugetlbPages:	       0 kB
Threads:	1
--- 13:40:33 ---
VmSize:	    2344 kB
VmRSS:	    1284 kB
VmPTE:	      48 kB
HugetlbPages:	       0 kB
Threads:	1
--- 13:40:43 ---
VmSize:	    2344 kB
VmRSS:	    1284 kB
VmPTE:	      48 kB
HugetlbPages:	       0 kB
Threads:	1
--- 13:40:53 ---
VmSize:	    2344 kB
VmRSS:	    1284 kB
VmPTE:	      48 kB
HugetlbPages:	       0 kB
Threads:	1
--- 13:41:03 ---
VmSize:	    2344 kB
VmRSS:	    1284 kB
VmPTE:	      48 kB
HugetlbPages:	       0 kB
Threads:	1
--- 13:41:13 ---
VmSize:	    2344 kB
VmRSS:	    1284 kB
VmPTE:	      48 kB
HugetlbPages:	       0 kB
Threads:	1
--- 13:41:23 ---
VmSize:	    2344 kB
VmRSS:	    1284 kB
VmPTE:	      48 kB
HugetlbPages:	       0 kB
Threads:	1
--- 13:41:33 ---
VmSize:	    2344 kB
VmRSS:	    1284 kB
VmPTE:	      48 kB
HugetlbPages:	       0 kB
Threads:	1
--- 13:41:43 ---
VmSize:	    2344 kB
VmRSS:	    1284 kB
VmPTE:	      48 kB
HugetlbPages:	       0 kB
Threads:	1
--- 13:41:53 ---
VmSize:	    2344 kB
VmRSS:	    1284 kB
VmPTE:	      48 kB
HugetlbPages:	       0 kB
Threads:	1
--- 13:42:03 ---
VmSize:	    2344 kB
VmRSS:	    1284 kB
VmPTE:	      48 kB
HugetlbPages:	       0 kB
Threads:	1
--- 13:42:13 ---
VmSize:	    2344 kB
VmRSS:	    1284 kB
VmPTE:	      48 kB
HugetlbPages:	       0 kB
Threads:	1
--- 13:42:23 ---
VmSize:	    2344 kB
VmRSS:	    1284 kB
VmPTE:	      48 kB
HugetlbPages:	       0 kB
Threads:	1
--- 13:42:33 ---
VmSize:	    2344 kB
VmRSS:	    1284 kB
VmPTE:	      48 kB
HugetlbPages:	       0 kB
Threads:	1
--- 13:42:43 ---
VmSize:	    2344 kB
VmRSS:	    1284 kB
VmPTE:	      48 kB
HugetlbPages:	       0 kB
Threads:	1
--- 13:42:53 ---
VmSize:	    2344 kB
VmRSS:	    1284 kB
VmPTE:	      48 kB
HugetlbPages:	       0 kB
Threads:	1
--- 13:43:03 ---
VmSize:	    2344 kB
VmRSS:	    1284 kB
VmPTE:	      48 kB
HugetlbPages:	       0 kB
Threads:	1
--- 13:43:13 ---
VmSize:	    2344 kB
VmRSS:	    1284 kB
VmPTE:	      48 kB
HugetlbPages:	       0 kB
Threads:	1
--- 13:43:23 ---
VmSize:	    2344 kB
VmRSS:	    1284 kB
VmPTE:	      48 kB
HugetlbPages:	       0 kB
Threads:	1
--- 13:43:33 ---
VmSize:	    2344 kB
VmRSS:	    1284 kB
VmPTE:	      48 kB
HugetlbPages:	       0 kB
Threads:	1
--- 13:43:43 ---
VmSize:	    2344 kB
VmRSS:	    1284 kB
VmPTE:	      48 kB
HugetlbPages:	       0 kB
Threads:	1
--- 13:43:53 ---
VmSize:	    2344 kB
VmRSS:	    1284 kB
VmPTE:	      48 kB
HugetlbPages:	       0 kB
Threads:	1
--- 13:44:03 ---
VmSize:	    2344 kB
VmRSS:	    1284 kB
VmPTE:	      48 kB
HugetlbPages:	       0 kB
Threads:	1
--- 13:44:13 ---
VmSize:	    2344 kB
VmRSS:	    1284 kB
VmPTE:	      48 kB
HugetlbPages:	       0 kB
Threads:	1
--- 13:44:23 ---
VmSize:	    2344 kB
VmRSS:	    1284 kB
VmPTE:	      48 kB
HugetlbPages:	       0 kB
Threads:	1
--- 13:44:33 ---
VmSize:	    2344 kB
VmRSS:	    1284 kB
VmPTE:	      48 kB
HugetlbPages:	       0 kB
Threads:	1
--- 13:44:43 ---
VmSize:	    2344 kB
VmRSS:	    1284 kB
VmPTE:	      48 kB
HugetlbPages:	       0 kB
Threads:	1
--- 13:44:53 ---
VmSize:	    2344 kB
VmRSS:	    1284 kB
VmPTE:	      48 kB
HugetlbPages:	       0 kB
Threads:	1
--- 13:45:03 ---
VmSize:	    2344 kB
VmRSS:	    1284 kB
VmPTE:	      48 kB
HugetlbPages:	       0 kB
Threads:	1
--- 13:45:13 ---
VmSize:	    2344 kB
VmRSS:	    1284 kB
VmPTE:	      48 kB
HugetlbPages:	       0 kB
Threads:	1
--- 13:45:23 ---
VmSize:	    2344 kB
VmRSS:	    1284 kB
VmPTE:	      48 kB
HugetlbPages:	       0 kB
Threads:	1
--- 13:45:33 ---
VmSize:	    2344 kB
VmRSS:	    1284 kB
VmPTE:	      48 kB
HugetlbPages:	       0 kB
Threads:	1
--- 13:45:43 ---
VmSize:	    2344 kB
VmRSS:	    1284 kB
VmPTE:	      48 kB
HugetlbPages:	       0 kB
Threads:	1
--- 13:45:53 ---
VmSize:	    2344 kB
VmRSS:	    1284 kB
VmPTE:	      48 kB
HugetlbPages:	       0 kB
Threads:	1
--- 13:46:03 ---
VmSize:	    2344 kB
VmRSS:	    1284 kB
VmPTE:	      48 kB
HugetlbPages:	       0 kB
Threads:	1
--- 13:46:13 ---
VmSize:	    2344 kB
VmRSS:	    1284 kB
VmPTE:	      48 kB
HugetlbPages:	       0 kB
Threads:	1
--- 13:46:23 ---
VmSize:	    2344 kB
VmRSS:	    1284 kB
VmPTE:	      48 kB
HugetlbPages:	       0 kB
Threads:	1
--- 13:46:33 ---
VmSize:	    2344 kB
VmRSS:	    1284 kB
VmPTE:	      48 kB
HugetlbPages:	       0 kB
Threads:	1
--- 13:46:43 ---
VmSize:	    2344 kB
VmRSS:	    1284 kB
VmPTE:	      48 kB
HugetlbPages:	       0 kB
Threads:	1
--- 13:46:53 ---
VmSize:	    2344 kB
VmRSS:	    1284 kB
VmPTE:	      48 kB
HugetlbPages:	       0 kB
Threads:	1
--- 13:47:03 ---
VmSize:	    2344 kB
VmRSS:	    1284 kB
VmPTE:	      48 kB
HugetlbPages:	       0 kB
Threads:	1
--- 13:47:13 ---
VmSize:	    2344 kB
VmRSS:	    1284 kB
VmPTE:	      48 kB
HugetlbPages:	       0 kB
Threads:	1
--- 13:47:23 ---
VmSize:	    2344 kB
VmRSS:	    1284 kB
VmPTE:	      48 kB
HugetlbPages:	       0 kB
Threads:	1
--- 13:47:33 ---
VmSize:	    2344 kB
VmRSS:	    1284 kB
VmPTE:	      48 kB
HugetlbPages:	       0 kB
Threads:	1
--- 13:47:43 ---
VmSize:	    2344 kB
VmRSS:	    1284 kB
VmPTE:	      48 kB
HugetlbPages:	       0 kB
Threads:	1
--- 13:47:53 ---
VmSize:	    2344 kB
VmRSS:	    1284 kB
VmPTE:	      48 kB
HugetlbPages:	       0 kB
Threads:	1
--- 13:48:03 ---
VmSize:	    2344 kB
VmRSS:	    1284 kB
VmPTE:	      48 kB
HugetlbPages:	       0 kB
Threads:	1
--- 13:48:13 ---
VmSize:	    2344 kB
VmRSS:	    1284 kB
VmPTE:	      48 kB
HugetlbPages:	       0 kB
Threads:	1
--- 13:48:23 ---
VmSize:	    2344 kB
VmRSS:	    1284 kB
VmPTE:	      48 kB
HugetlbPages:	       0 kB
Threads:	1
--- 13:48:33 ---
VmSize:	    2344 kB
VmRSS:	    1284 kB
VmPTE:	      48 kB
HugetlbPages:	       0 kB
Threads:	1
--- 13:48:43 ---
VmSize:	    2344 kB
VmRSS:	    1284 kB
VmPTE:	      48 kB
HugetlbPages:	       0 kB
Threads:	1
--- 13:48:53 ---
VmSize:	    2344 kB
VmRSS:	    1284 kB
VmPTE:	      48 kB
HugetlbPages:	       0 kB
Threads:	1
--- 13:49:03 ---
VmSize:	    2344 kB
VmRSS:	    1284 kB
VmPTE:	      48 kB
HugetlbPages:	       0 kB
Threads:	1
--- 13:49:13 ---
VmSize:	    2344 kB
VmRSS:	    1284 kB
VmPTE:	      48 kB
HugetlbPages:	       0 kB
Threads:	1
--- 13:49:23 ---
VmSize:	    2344 kB
VmRSS:	    1284 kB
VmPTE:	      48 kB
HugetlbPages:	       0 kB
Threads:	1
--- 13:49:33 ---
VmSize:	    2344 kB
VmRSS:	    1284 kB
VmPTE:	      48 kB
HugetlbPages:	       0 kB
Threads:	1
--- 13:49:43 ---
VmSize:	    2344 kB
VmRSS:	    1284 kB
VmPTE:	      48 kB
HugetlbPages:	       0 kB
Threads:	1
--- 13:49:53 ---
VmSize:	    2344 kB
VmRSS:	    1284 kB
VmPTE:	      48 kB
HugetlbPages:	       0 kB
Threads:	1
--- 13:50:03 ---
VmSize:	    2344 kB
VmRSS:	    1284 kB
VmPTE:	      48 kB
HugetlbPages:	       0 kB
Threads:	1
--- 13:50:13 ---
VmSize:	    2344 kB
VmRSS:	    1284 kB
VmPTE:	      48 kB
HugetlbPages:	       0 kB
Threads:	1
--- 13:50:23 ---
VmSize:	    2344 kB
VmRSS:	    1284 kB
VmPTE:	      48 kB
HugetlbPages:	       0 kB
Threads:	1
--- 13:50:33 ---
VmSize:	    2344 kB
VmRSS:	    1284 kB
VmPTE:	      48 kB
HugetlbPages:	       0 kB
Threads:	1
--- 13:50:43 ---
VmSize:	    2344 kB
VmRSS:	    1284 kB
VmPTE:	      48 kB
HugetlbPages:	       0 kB
Threads:	1
--- 13:50:53 ---
VmSize:	    2344 kB
VmRSS:	    1284 kB
VmPTE:	      48 kB
HugetlbPages:	       0 kB
Threads:	1
--- 13:51:03 ---
VmSize:	    2344 kB
VmRSS:	    1284 kB
VmPTE:	      48 kB
HugetlbPages:	       0 kB
Threads:	1
--- 13:51:13 ---
VmSize:	    2344 kB
VmRSS:	    1284 kB
VmPTE:	      48 kB
HugetlbPages:	       0 kB
Threads:	1
--- 13:51:23 ---
VmSize:	    2344 kB
VmRSS:	    1284 kB
VmPTE:	      48 kB
HugetlbPages:	       0 kB
Threads:	1
--- 13:51:33 ---
VmSize:	    2344 kB
VmRSS:	    1284 kB
VmPTE:	      48 kB
HugetlbPages:	       0 kB
Threads:	1
--- 13:51:43 ---
VmSize:	    2344 kB
VmRSS:	    1284 kB
VmPTE:	      48 kB
HugetlbPages:	       0 kB
Threads:	1
--- 13:51:53 ---
VmSize:	    2344 kB
VmRSS:	    1284 kB
VmPTE:	      48 kB
HugetlbPages:	       0 kB
Threads:	1
--- 13:52:03 ---
VmSize:	    2344 kB
VmRSS:	    1284 kB
VmPTE:	      48 kB
HugetlbPages:	       0 kB
Threads:	1
--- 13:52:13 ---
VmSize:	    2344 kB
VmRSS:	    1284 kB
VmPTE:	      48 kB
HugetlbPages:	       0 kB
Threads:	1
--- 13:52:23 ---
VmSize:	    2344 kB
VmRSS:	    1284 kB
VmPTE:	      48 kB
HugetlbPages:	       0 kB
Threads:	1
--- 13:52:33 ---
VmSize:	    2344 kB
VmRSS:	    1284 kB
VmPTE:	      48 kB
HugetlbPages:	       0 kB
Threads:	1
--- 13:52:43 ---
VmSize:	    2344 kB
VmRSS:	    1284 kB
VmPTE:	      48 kB
HugetlbPages:	       0 kB
Threads:	1
--- 13:52:53 ---
VmSize:	    2344 kB
VmRSS:	    1284 kB
VmPTE:	      48 kB
HugetlbPages:	       0 kB
Threads:	1
--- 13:53:03 ---
VmSize:	    2344 kB
VmRSS:	    1284 kB
VmPTE:	      48 kB
HugetlbPages:	       0 kB
Threads:	1
--- 13:53:14 ---
VmSize:	    2344 kB
VmRSS:	    1284 kB
VmPTE:	      48 kB
HugetlbPages:	       0 kB
Threads:	1
--- 13:53:24 ---
VmSize:	    2344 kB
VmRSS:	    1284 kB
VmPTE:	      48 kB
HugetlbPages:	       0 kB
Threads:	1
--- 13:53:34 ---
VmSize:	    2344 kB
VmRSS:	    1284 kB
VmPTE:	      48 kB
HugetlbPages:	       0 kB
Threads:	1
--- 13:53:44 ---
VmSize:	    2344 kB
VmRSS:	    1284 kB
VmPTE:	      48 kB
HugetlbPages:	       0 kB
Threads:	1
--- 13:53:54 ---
VmSize:	    2344 kB
VmRSS:	    1284 kB
VmPTE:	      48 kB
HugetlbPages:	       0 kB
Threads:	1
--- 13:54:04 ---
VmSize:	    2344 kB
VmRSS:	    1284 kB
VmPTE:	      48 kB
HugetlbPages:	       0 kB
Threads:	1
--- 13:54:14 ---
VmSize:	    2344 kB
VmRSS:	    1284 kB
VmPTE:	      48 kB
HugetlbPages:	       0 kB
Threads:	1
