--- 13:54:25 ---
VmSize:	    2344 kB
VmRSS:	    1292 kB
VmPTE:	      48 kB
HugetlbPages:	       0 kB
Threads:	1
--- 13:54:35 ---
VmSize:	    2344 kB
VmRSS:	    1292 kB
VmPTE:	      48 kB
HugetlbPages:	       0 kB
Threads:	1
--- 13:54:45 ---
VmSize:	    2344 kB
VmRSS:	    1292 kB
VmPTE:	      48 kB
HugetlbPages:	       0 kB
Threads:	1
--- 13:54:55 ---
VmSize:	    2344 kB
VmRSS:	    1292 kB
VmPTE:	      48 kB
HugetlbPages:	       0 kB
Threads:	1
--- 13:55:05 ---
VmSize:	    2344 kB
VmRSS:	    1292 kB
VmPTE:	      48 kB
HugetlbPages:	       0 kB
Threads:	1
--- 13:55:15 ---
VmSize:	    2344 kB
VmRSS:	    1292 kB
VmPTE:	      48 kB
HugetlbPages:	       0 kB
Threads:	1
--- 13:55:25 ---
VmSize:	    2344 kB
VmRSS:	    1292 kB
VmPTE:	      48 kB
HugetlbPages:	       0 kB
Threads:	1
--- 13:55:35 ---
VmSize:	    2344 kB
VmRSS:	    1292 kB
VmPTE:	      48 kB
HugetlbPages:	       0 kB
Threads:	1
--- 13:55:45 ---
VmSize:	    2344 kB
VmRSS:	    1292 kB
VmPTE:	      48 kB
HugetlbPages:	       0 kB
Threads:	1
--- 13:55:55 ---
VmSize:	    2344 kB
VmRSS:	    1292 kB
VmPTE:	      48 kB
HugetlbPages:	       0 kB
Threads:	1
--- 13:56:05 ---
VmSize:	    2344 kB
VmRSS:	    1292 kB
VmPTE:	      48 kB
HugetlbPages:	       0 kB
Threads:	1
--- 13:56:15 ---
VmSize:	    2344 kB
VmRSS:	    1292 kB
VmPTE:	      48 kB
HugetlbPages:	       0 kB
Threads:	1
--- 13:56:25 ---
VmSize:	    2344 kB
VmRSS:	    1292 kB
VmPTE:	      48 kB
HugetlbPages:	       0 kB
Threads:	1
--- 13:56:35 ---
VmSize:	    2344 kB
VmRSS:	    1292 kB
VmPTE:	      48 kB
HugetlbPages:	       0 kB
Threads:	1
--- 13:56:45 ---
VmSize:	    2344 kB
VmRSS:	    1292 kB
VmPTE:	      48 kB
HugetlbPages:	       0 kB
Threads:	1
--- 13:56:55 ---
VmSize:	    2344 kB
VmRSS:	    1292 kB
VmPTE:	      48 kB
HugetlbPages:	       0 kB
Threads:	1
--- 13:57:05 ---
VmSize:	    2344 kB
VmRSS:	    1292 kB
VmPTE:	      48 kB
HugetlbPages:	       0 kB
Threads:	1
--- 13:57:15 ---
VmSize:	    2344 kB
VmRSS:	    1292 kB
VmPTE:	      48 kB
HugetlbPages:	       0 kB
Threads:	1
--- 13:57:25 ---
VmSize:	    2344 kB
VmRSS:	    1292 kB
VmPTE:	      48 kB
HugetlbPages:	       0 kB
Threads:	1
--- 13:57:35 ---
VmSize:	    2344 kB
VmRSS:	    1292 kB
VmPTE:	      48 kB
HugetlbPages:	       0 kB
Threads:	1
--- 13:57:45 ---
VmSize:	    2344 kB
VmRSS:	    1292 kB
VmPTE:	      48 kB
HugetlbPages:	       0 kB
Threads:	1
--- 13:57:55 ---
VmSize:	    2344 kB
VmRSS:	    1292 kB
VmPTE:	      48 kB
HugetlbPages:	       0 kB
Threads:	1
--- 13:58:05 ---
VmSize:	    2344 kB
VmRSS:	    1292 kB
VmPTE:	      48 kB
HugetlbPages:	       0 kB
Threads:	1
--- 13:58:15 ---
VmSize:	    2344 kB
VmRSS:	    1292 kB
VmPTE:	      48 kB
HugetlbPages:	       0 kB
Threads:	1
--- 13:58:25 ---
VmSize:	    2344 kB
VmRSS:	    1292 kB
VmPTE:	      48 kB
HugetlbPages:	       0 kB
Threads:	1
--- 13:58:35 ---
VmSize:	    2344 kB
VmRSS:	    1292 kB
VmPTE:	      48 kB
HugetlbPages:	       0 kB
Threads:	1
--- 13:58:45 ---
VmSize:	    2344 kB
VmRSS:	    1292 kB
VmPTE:	      48 kB
HugetlbPages:	       0 kB
Threads:	1
--- 13:58:55 ---
VmSize:	    2344 kB
VmRSS:	    1292 kB
VmPTE:	      48 kB
HugetlbPages:	       0 kB
Threads:	1
--- 13:59:05 ---
VmSize:	    2344 kB
VmRSS:	    1292 kB
VmPTE:	      48 kB
HugetlbPages:	       0 kB
Threads:	1
--- 13:59:15 ---
VmSize:	    2344 kB
VmRSS:	    1292 kB
VmPTE:	      48 kB
HugetlbPages:	       0 kB
Threads:	1
--- 13:59:25 ---
VmSize:	    2344 kB
VmRSS:	    1292 kB
VmPTE:	      48 kB
HugetlbPages:	       0 kB
Threads:	1
--- 13:59:35 ---
VmSize:	    2344 kB
VmRSS:	    1292 kB
VmPTE:	      48 kB
HugetlbPages:	       0 kB
Threads:	1
--- 13:59:45 ---
VmSize:	    2344 kB
VmRSS:	    1292 kB
VmPTE:	      48 kB
HugetlbPages:	       0 kB
Threads:	1
--- 13:59:55 ---
VmSize:	    2344 kB
VmRSS:	    1292 kB
VmPTE:	      48 kB
HugetlbPages:	       0 kB
Threads:	1
--- 14:00:05 ---
VmSize:	    2344 kB
VmRSS:	    1292 kB
VmPTE:	      48 kB
HugetlbPages:	       0 kB
Threads:	1
--- 14:00:15 ---
VmSize:	    2344 kB
VmRSS:	    1292 kB
VmPTE:	      48 kB
HugetlbPages:	       0 kB
Threads:	1
--- 14:00:25 ---
VmSize:	    2344 kB
VmRSS:	    1292 kB
VmPTE:	      48 kB
HugetlbPages:	       0 kB
Threads:	1
--- 14:00:35 ---
VmSize:	    2344 kB
VmRSS:	    1292 kB
VmPTE:	      48 kB
HugetlbPages:	       0 kB
Threads:	1
--- 14:00:45 ---
VmSize:	    2344 kB
VmRSS:	    1292 kB
VmPTE:	      48 kB
HugetlbPages:	       0 kB
Threads:	1
--- 14:00:55 ---
VmSize:	    2344 kB
VmRSS:	    1292 kB
VmPTE:	      48 kB
HugetlbPages:	       0 kB
Threads:	1
--- 14:01:05 ---
VmSize:	    2344 kB
VmRSS:	    1292 kB
VmPTE:	      48 kB
HugetlbPages:	       0 kB
Threads:	1
--- 14:01:15 ---
VmSize:	    2344 kB
VmRSS:	    1292 kB
VmPTE:	      48 kB
HugetlbPages:	       0 kB
Threads:	1
--- 14:01:25 ---
VmSize:	    2344 kB
VmRSS:	    1292 kB
VmPTE:	      48 kB
HugetlbPages:	       0 kB
Threads:	1
--- 14:01:35 ---
VmSize:	    2344 kB
VmRSS:	    1292 kB
VmPTE:	      48 kB
HugetlbPages:	       0 kB
Threads:	1
--- 14:01:45 ---
VmSize:	    2344 kB
VmRSS:	    1292 kB
VmPTE:	      48 kB
HugetlbPages:	       0 kB
Threads:	1
--- 14:01:55 ---
VmSize:	    2344 kB
VmRSS:	    1292 kB
VmPTE:	      48 kB
HugetlbPages:	       0 kB
Threads:	1
--- 14:02:05 ---
VmSize:	    2344 kB
VmRSS:	    1292 kB
VmPTE:	      48 kB
HugetlbPages:	       0 kB
Threads:	1
--- 14:02:15 ---
VmSize:	    2344 kB
VmRSS:	    1292 kB
VmPTE:	      48 kB
HugetlbPages:	       0 kB
Threads:	1
--- 14:02:25 ---
VmSize:	    2344 kB
VmRSS:	    1292 kB
VmPTE:	      48 kB
HugetlbPages:	       0 kB
Threads:	1
--- 14:02:35 ---
VmSize:	    2344 kB
VmRSS:	    1292 kB
VmPTE:	      48 kB
HugetlbPages:	       0 kB
Threads:	1
--- 14:02:45 ---
VmSize:	    2344 kB
VmRSS:	    1292 kB
VmPTE:	      48 kB
HugetlbPages:	       0 kB
Threads:	1
--- 14:02:55 ---
VmSize:	    2344 kB
VmRSS:	    1292 kB
VmPTE:	      48 kB
HugetlbPages:	       0 kB
Threads:	1
--- 14:03:05 ---
VmSize:	    2344 kB
VmRSS:	    1292 kB
VmPTE:	      48 kB
HugetlbPages:	       0 kB
Threads:	1
--- 14:03:15 ---
VmSize:	    2344 kB
VmRSS:	    1292 kB
VmPTE:	      48 kB
HugetlbPages:	       0 kB
Threads:	1
--- 14:03:25 ---
VmSize:	    2344 kB
VmRSS:	    1292 kB
VmPTE:	      48 kB
HugetlbPages:	       0 kB
Threads:	1
--- 14:03:35 ---
VmSize:	    2344 kB
VmRSS:	    1292 kB
VmPTE:	      48 kB
HugetlbPages:	       0 kB
Threads:	1
--- 14:03:45 ---
VmSize:	    2344 kB
VmRSS:	    1292 kB
VmPTE:	      48 kB
HugetlbPages:	       0 kB
Threads:	1
--- 14:03:55 ---
VmSize:	    2344 kB
VmRSS:	    1292 kB
VmPTE:	      48 kB
HugetlbPages:	       0 kB
Threads:	1
--- 14:04:05 ---
VmSize:	    2344 kB
VmRSS:	    1292 kB
VmPTE:	      48 kB
HugetlbPages:	       0 kB
Threads:	1
--- 14:04:15 ---
VmSize:	    2344 kB
VmRSS:	    1292 kB
VmPTE:	      48 kB
HugetlbPages:	       0 kB
Threads:	1
--- 14:04:25 ---
VmSize:	    2344 kB
VmRSS:	    1292 kB
VmPTE:	      48 kB
HugetlbPages:	       0 kB
Threads:	1
--- 14:04:35 ---
VmSize:	    2344 kB
VmRSS:	    1292 kB
VmPTE:	      48 kB
HugetlbPages:	       0 kB
Threads:	1
--- 14:04:45 ---
VmSize:	    2344 kB
VmRSS:	    1292 kB
VmPTE:	      48 kB
HugetlbPages:	       0 kB
Threads:	1
--- 14:04:55 ---
VmSize:	    2344 kB
VmRSS:	    1292 kB
VmPTE:	      48 kB
HugetlbPages:	       0 kB
Threads:	1
--- 14:05:05 ---
VmSize:	    2344 kB
VmRSS:	    1292 kB
VmPTE:	      48 kB
HugetlbPages:	       0 kB
Threads:	1
--- 14:05:15 ---
VmSize:	    2344 kB
VmRSS:	    1292 kB
VmPTE:	      48 kB
HugetlbPages:	       0 kB
Threads:	1
--- 14:05:25 ---
VmSize:	    2344 kB
VmRSS:	    1292 kB
VmPTE:	      48 kB
HugetlbPages:	       0 kB
Threads:	1
--- 14:05:35 ---
VmSize:	    2344 kB
VmRSS:	    1292 kB
VmPTE:	      48 kB
HugetlbPages:	       0 kB
Threads:	1
--- 14:05:45 ---
VmSize:	    2344 kB
VmRSS:	    1292 kB
VmPTE:	      48 kB
HugetlbPages:	       0 kB
Threads:	1
--- 14:05:55 ---
VmSize:	    2344 kB
VmRSS:	    1292 kB
VmPTE:	      48 kB
HugetlbPages:	       0 kB
Threads:	1
--- 14:06:05 ---
VmSize:	    2344 kB
VmRSS:	    1292 kB
VmPTE:	      48 kB
HugetlbPages:	       0 kB
Threads:	1
--- 14:06:15 ---
VmSize:	    2344 kB
VmRSS:	    1292 kB
VmPTE:	      48 kB
HugetlbPages:	       0 kB
Threads:	1
--- 14:06:25 ---
VmSize:	    2344 kB
VmRSS:	    1292 kB
VmPTE:	      48 kB
HugetlbPages:	       0 kB
Threads:	1
--- 14:06:35 ---
VmSize:	    2344 kB
VmRSS:	    1292 kB
VmPTE:	      48 kB
HugetlbPages:	       0 kB
Threads:	1
--- 14:06:45 ---
VmSize:	    2344 kB
VmRSS:	    1292 kB
VmPTE:	      48 kB
HugetlbPages:	       0 kB
Threads:	1
--- 14:06:55 ---
VmSize:	    2344 kB
VmRSS:	    1292 kB
VmPTE:	      48 kB
HugetlbPages:	       0 kB
Threads:	1
--- 14:07:05 ---
VmSize:	    2344 kB
VmRSS:	    1292 kB
VmPTE:	      48 kB
HugetlbPages:	       0 kB
Threads:	1
--- 14:07:15 ---
VmSize:	    2344 kB
VmRSS:	    1292 kB
VmPTE:	      48 kB
HugetlbPages:	       0 kB
Threads:	1
--- 14:07:25 ---
VmSize:	    2344 kB
VmRSS:	    1292 kB
VmPTE:	      48 kB
HugetlbPages:	       0 kB
Threads:	1
--- 14:07:35 ---
VmSize:	    2344 kB
VmRSS:	    1292 kB
VmPTE:	      48 kB
HugetlbPages:	       0 kB
Threads:	1
--- 14:07:45 ---
VmSize:	    2344 kB
VmRSS:	    1292 kB
VmPTE:	      48 kB
HugetlbPages:	       0 kB
Threads:	1
--- 14:07:55 ---
VmSize:	    2344 kB
VmRSS:	    1292 kB
VmPTE:	      48 kB
HugetlbPages:	       0 kB
Threads:	1
--- 14:08:05 ---
VmSize:	    2344 kB
VmRSS:	    1292 kB
VmPTE:	      48 kB
HugetlbPages:	       0 kB
Threads:	1
--- 14:08:15 ---
VmSize:	    2344 kB
VmRSS:	    1292 kB
VmPTE:	      48 kB
HugetlbPages:	       0 kB
Threads:	1
--- 14:08:25 ---
VmSize:	    2344 kB
VmRSS:	    1292 kB
VmPTE:	      48 kB
HugetlbPages:	       0 kB
Threads:	1
--- 14:08:35 ---
VmSize:	    2344 kB
VmRSS:	    1292 kB
VmPTE:	      48 kB
HugetlbPages:	       0 kB
Threads:	1
--- 14:08:45 ---
VmSize:	    2344 kB
VmRSS:	    1292 kB
VmPTE:	      48 kB
HugetlbPages:	       0 kB
Threads:	1
--- 14:08:55 ---
VmSize:	    2344 kB
VmRSS:	    1292 kB
VmPTE:	      48 kB
HugetlbPages:	       0 kB
Threads:	1
--- 14:09:05 ---
VmSize:	    2344 kB
VmRSS:	    1292 kB
VmPTE:	      48 kB
HugetlbPages:	       0 kB
Threads:	1
--- 14:09:15 ---
VmSize:	    2344 kB
VmRSS:	    1292 kB
VmPTE:	      48 kB
HugetlbPages:	       0 kB
Threads:	1
--- 14:09:25 ---
VmSize:	    2344 kB
VmRSS:	    1292 kB
VmPTE:	      48 kB
HugetlbPages:	       0 kB
Threads:	1
--- 14:09:35 ---
VmSize:	    2344 kB
VmRSS:	    1292 kB
VmPTE:	      48 kB
HugetlbPages:	       0 kB
Threads:	1
--- 14:09:45 ---
VmSize:	    2344 kB
VmRSS:	    1292 kB
VmPTE:	      48 kB
HugetlbPages:	       0 kB
Threads:	1
--- 14:09:55 ---
VmSize:	    2344 kB
VmRSS:	    1292 kB
VmPTE:	      48 kB
HugetlbPages:	       0 kB
Threads:	1
--- 14:10:05 ---
VmSize:	    2344 kB
VmRSS:	    1292 kB
VmPTE:	      48 kB
HugetlbPages:	       0 kB
Threads:	1
--- 14:10:15 ---
VmSize:	    2344 kB
VmRSS:	    1292 kB
VmPTE:	      48 kB
HugetlbPages:	       0 kB
Threads:	1
--- 14:10:25 ---
VmSize:	    2344 kB
VmRSS:	    1292 kB
VmPTE:	      48 kB
HugetlbPages:	       0 kB
Threads:	1
--- 14:10:35 ---
VmSize:	    2344 kB
VmRSS:	    1292 kB
VmPTE:	      48 kB
HugetlbPages:	       0 kB
Threads:	1
--- 14:10:45 ---
VmSize:	    2344 kB
VmRSS:	    1292 kB
VmPTE:	      48 kB
HugetlbPages:	       0 kB
Threads:	1
--- 14:10:55 ---
VmSize:	    2344 kB
VmRSS:	    1292 kB
VmPTE:	      48 kB
HugetlbPages:	       0 kB
Threads:	1
--- 14:11:05 ---
VmSize:	    2344 kB
VmRSS:	    1292 kB
VmPTE:	      48 kB
HugetlbPages:	       0 kB
Threads:	1
--- 14:11:15 ---
VmSize:	    2344 kB
VmRSS:	    1292 kB
VmPTE:	      48 kB
HugetlbPages:	       0 kB
Threads:	1
--- 14:11:25 ---
VmSize:	    2344 kB
VmRSS:	    1292 kB
VmPTE:	      48 kB
HugetlbPages:	       0 kB
Threads:	1
--- 14:11:35 ---
VmSize:	    2344 kB
VmRSS:	    1292 kB
VmPTE:	      48 kB
HugetlbPages:	       0 kB
Threads:	1
--- 14:11:45 ---
VmSize:	    2344 kB
VmRSS:	    1292 kB
VmPTE:	      48 kB
HugetlbPages:	       0 kB
Threads:	1
--- 14:11:55 ---
VmSize:	    2344 kB
VmRSS:	    1292 kB
VmPTE:	      48 kB
HugetlbPages:	       0 kB
Threads:	1
--- 14:12:05 ---
VmSize:	    2344 kB
VmRSS:	    1292 kB
VmPTE:	      48 kB
HugetlbPages:	       0 kB
Threads:	1
--- 14:12:15 ---
VmSize:	    2344 kB
VmRSS:	    1292 kB
VmPTE:	      48 kB
HugetlbPages:	       0 kB
Threads:	1
--- 14:12:25 ---
VmSize:	    2344 kB
VmRSS:	    1292 kB
VmPTE:	      48 kB
HugetlbPages:	       0 kB
Threads:	1
--- 14:12:35 ---
VmSize:	    2344 kB
VmRSS:	    1292 kB
VmPTE:	      48 kB
HugetlbPages:	       0 kB
Threads:	1
--- 14:12:45 ---
VmSize:	    2344 kB
VmRSS:	    1292 kB
VmPTE:	      48 kB
HugetlbPages:	       0 kB
Threads:	1
--- 14:12:55 ---
VmSize:	    2344 kB
VmRSS:	    1292 kB
VmPTE:	      48 kB
HugetlbPages:	       0 kB
Threads:	1
--- 14:13:05 ---
VmSize:	    2344 kB
VmRSS:	    1292 kB
VmPTE:	      48 kB
HugetlbPages:	       0 kB
Threads:	1
--- 14:13:15 ---
VmSize:	    2344 kB
VmRSS:	    1292 kB
VmPTE:	      48 kB
HugetlbPages:	       0 kB
Threads:	1
--- 14:13:25 ---
VmSize:	    2344 kB
VmRSS:	    1292 kB
VmPTE:	      48 kB
HugetlbPages:	       0 kB
Threads:	1
--- 14:13:35 ---
VmSize:	    2344 kB
VmRSS:	    1292 kB
VmPTE:	      48 kB
HugetlbPages:	       0 kB
Threads:	1
--- 14:13:45 ---
VmSize:	    2344 kB
VmRSS:	    1292 kB
VmPTE:	      48 kB
HugetlbPages:	       0 kB
Threads:	1
--- 14:13:55 ---
VmSize:	    2344 kB
VmRSS:	    1292 kB
VmPTE:	      48 kB
HugetlbPages:	       0 kB
Threads:	1
--- 14:14:05 ---
VmSize:	    2344 kB
VmRSS:	    1292 kB
VmPTE:	      48 kB
HugetlbPages:	       0 kB
Threads:	1
--- 14:14:15 ---
VmSize:	    2344 kB
VmRSS:	    1292 kB
VmPTE:	      48 kB
HugetlbPages:	       0 kB
Threads:	1
--- 14:14:25 ---
VmSize:	    2344 kB
VmRSS:	    1292 kB
VmPTE:	      48 kB
HugetlbPages:	       0 kB
Threads:	1
--- 14:14:35 ---
VmSize:	    2344 kB
VmRSS:	    1292 kB
VmPTE:	      48 kB
HugetlbPages:	       0 kB
Threads:	1
--- 14:14:45 ---
VmSize:	    2344 kB
VmRSS:	    1292 kB
VmPTE:	      48 kB
HugetlbPages:	       0 kB
Threads:	1
--- 14:14:55 ---
VmSize:	    2344 kB
VmRSS:	    1292 kB
VmPTE:	      48 kB
HugetlbPages:	       0 kB
Threads:	1
--- 14:15:05 ---
VmSize:	    2344 kB
VmRSS:	    1292 kB
VmPTE:	      48 kB
HugetlbPages:	       0 kB
Threads:	1
--- 14:15:15 ---
VmSize:	    2344 kB
VmRSS:	    1292 kB
VmPTE:	      48 kB
HugetlbPages:	       0 kB
Threads:	1
--- 14:15:25 ---
VmSize:	    2344 kB
VmRSS:	    1292 kB
VmPTE:	      48 kB
HugetlbPages:	       0 kB
Threads:	1
--- 14:15:35 ---
VmSize:	    2344 kB
VmRSS:	    1292 kB
VmPTE:	      48 kB
HugetlbPages:	       0 kB
Threads:	1
--- 14:15:45 ---
VmSize:	    2344 kB
VmRSS:	    1292 kB
VmPTE:	      48 kB
HugetlbPages:	       0 kB
Threads:	1
--- 14:15:55 ---
VmSize:	    2344 kB
VmRSS:	    1292 kB
VmPTE:	      48 kB
HugetlbPages:	       0 kB
Threads:	1
--- 14:16:05 ---
VmSize:	    2344 kB
VmRSS:	    1292 kB
VmPTE:	      48 kB
HugetlbPages:	       0 kB
Threads:	1
--- 14:16:16 ---
VmSize:	    2344 kB
VmRSS:	    1292 kB
VmPTE:	      48 kB
HugetlbPages:	       0 kB
Threads:	1
--- 14:16:26 ---
VmSize:	    2344 kB
VmRSS:	    1292 kB
VmPTE:	      48 kB
HugetlbPages:	       0 kB
Threads:	1
--- 14:16:36 ---
VmSize:	    2344 kB
VmRSS:	    1292 kB
VmPTE:	      48 kB
HugetlbPages:	       0 kB
Threads:	1
--- 14:16:46 ---
VmSize:	    2344 kB
VmRSS:	    1292 kB
VmPTE:	      48 kB
HugetlbPages:	       0 kB
Threads:	1
--- 14:16:56 ---
VmSize:	    2344 kB
VmRSS:	    1292 kB
VmPTE:	      48 kB
HugetlbPages:	       0 kB
Threads:	1
--- 14:17:06 ---
VmSize:	    2344 kB
VmRSS:	    1292 kB
VmPTE:	      48 kB
HugetlbPages:	       0 kB
Threads:	1
--- 14:17:16 ---
VmSize:	    2344 kB
VmRSS:	    1292 kB
VmPTE:	      48 kB
HugetlbPages:	       0 kB
Threads:	1
--- 14:17:26 ---
VmSize:	    2344 kB
VmRSS:	    1292 kB
VmPTE:	      48 kB
HugetlbPages:	       0 kB
Threads:	1
--- 14:17:36 ---
VmSize:	    2344 kB
VmRSS:	    1292 kB
VmPTE:	      48 kB
HugetlbPages:	       0 kB
Threads:	1
--- 14:17:46 ---
VmSize:	    2344 kB
VmRSS:	    1292 kB
VmPTE:	      48 kB
HugetlbPages:	       0 kB
Threads:	1
--- 14:17:56 ---
VmSize:	    2344 kB
VmRSS:	    1292 kB
VmPTE:	      48 kB
HugetlbPages:	       0 kB
Threads:	1
--- 14:18:06 ---
VmSize:	    2344 kB
VmRSS:	    1292 kB
VmPTE:	      48 kB
HugetlbPages:	       0 kB
Threads:	1
--- 14:18:16 ---
VmSize:	    2344 kB
VmRSS:	    1292 kB
VmPTE:	      48 kB
HugetlbPages:	       0 kB
Threads:	1
--- 14:18:26 ---
VmSize:	    2344 kB
VmRSS:	    1292 kB
VmPTE:	      48 kB
HugetlbPages:	       0 kB
Threads:	1
--- 14:18:36 ---
VmSize:	    2344 kB
VmRSS:	    1292 kB
VmPTE:	      48 kB
HugetlbPages:	       0 kB
Threads:	1
--- 14:18:46 ---
VmSize:	    2344 kB
VmRSS:	    1292 kB
VmPTE:	      48 kB
HugetlbPages:	       0 kB
Threads:	1
--- 14:18:56 ---
VmSize:	    2344 kB
VmRSS:	    1292 kB
VmPTE:	      48 kB
HugetlbPages:	       0 kB
Threads:	1
--- 14:19:06 ---
VmSize:	    2344 kB
VmRSS:	    1292 kB
VmPTE:	      48 kB
HugetlbPages:	       0 kB
Threads:	1
--- 14:19:16 ---
VmSize:	    2344 kB
VmRSS:	    1292 kB
VmPTE:	      48 kB
HugetlbPages:	       0 kB
Threads:	1
--- 14:19:26 ---
VmSize:	    2344 kB
VmRSS:	    1292 kB
VmPTE:	      48 kB
HugetlbPages:	       0 kB
Threads:	1
--- 14:19:36 ---
VmSize:	    2344 kB
VmRSS:	    1292 kB
VmPTE:	      48 kB
HugetlbPages:	       0 kB
Threads:	1
--- 14:19:46 ---
VmSize:	    2344 kB
VmRSS:	    1292 kB
VmPTE:	      48 kB
HugetlbPages:	       0 kB
Threads:	1
--- 14:19:56 ---
VmSize:	    2344 kB
VmRSS:	    1292 kB
VmPTE:	      48 kB
HugetlbPages:	       0 kB
Threads:	1
--- 14:20:06 ---
VmSize:	    2344 kB
VmRSS:	    1292 kB
VmPTE:	      48 kB
HugetlbPages:	       0 kB
Threads:	1
--- 14:20:16 ---
VmSize:	    2344 kB
VmRSS:	    1292 kB
VmPTE:	      48 kB
HugetlbPages:	       0 kB
Threads:	1
--- 14:20:26 ---
VmSize:	    2344 kB
VmRSS:	    1292 kB
VmPTE:	      48 kB
HugetlbPages:	       0 kB
Threads:	1
--- 14:20:36 ---
VmSize:	    2344 kB
VmRSS:	    1292 kB
VmPTE:	      48 kB
HugetlbPages:	       0 kB
Threads:	1
--- 14:20:46 ---
VmSize:	    2344 kB
VmRSS:	    1292 kB
VmPTE:	      48 kB
HugetlbPages:	       0 kB
Threads:	1
--- 14:20:56 ---
VmSize:	    2344 kB
VmRSS:	    1292 kB
VmPTE:	      48 kB
HugetlbPages:	       0 kB
Threads:	1
--- 14:21:06 ---
VmSize:	    2344 kB
VmRSS:	    1292 kB
VmPTE:	      48 kB
HugetlbPages:	       0 kB
Threads:	1
--- 14:21:16 ---
VmSize:	    2344 kB
VmRSS:	    1292 kB
VmPTE:	      48 kB
HugetlbPages:	       0 kB
Threads:	1
--- 14:21:26 ---
VmSize:	    2344 kB
VmRSS:	    1292 kB
VmPTE:	      48 kB
HugetlbPages:	       0 kB
Threads:	1
--- 14:21:36 ---
VmSize:	    2344 kB
VmRSS:	    1292 kB
VmPTE:	      48 kB
HugetlbPages:	       0 kB
Threads:	1
--- 14:21:46 ---
VmSize:	    2344 kB
VmRSS:	    1292 kB
VmPTE:	      48 kB
HugetlbPages:	       0 kB
Threads:	1
--- 14:21:56 ---
VmSize:	    2344 kB
VmRSS:	    1292 kB
VmPTE:	      48 kB
HugetlbPages:	       0 kB
Threads:	1
--- 14:22:06 ---
VmSize:	    2344 kB
VmRSS:	    1292 kB
VmPTE:	      48 kB
HugetlbPages:	       0 kB
Threads:	1
--- 14:22:16 ---
VmSize:	    2344 kB
VmRSS:	    1292 kB
VmPTE:	      48 kB
HugetlbPages:	       0 kB
Threads:	1
--- 14:22:26 ---
VmSize:	    2344 kB
VmRSS:	    1292 kB
VmPTE:	      48 kB
HugetlbPages:	       0 kB
Threads:	1
--- 14:22:36 ---
VmSize:	    2344 kB
VmRSS:	    1292 kB
VmPTE:	      48 kB
HugetlbPages:	       0 kB
Threads:	1
--- 14:22:46 ---
VmSize:	    2344 kB
VmRSS:	    1292 kB
VmPTE:	      48 kB
HugetlbPages:	       0 kB
Threads:	1
--- 14:22:56 ---
VmSize:	    2344 kB
VmRSS:	    1292 kB
VmPTE:	      48 kB
HugetlbPages:	       0 kB
Threads:	1
--- 14:23:06 ---
VmSize:	    2344 kB
VmRSS:	    1292 kB
VmPTE:	      48 kB
HugetlbPages:	       0 kB
Threads:	1
--- 14:23:16 ---
VmSize:	    2344 kB
VmRSS:	    1292 kB
VmPTE:	      48 kB
HugetlbPages:	       0 kB
Threads:	1
--- 14:23:26 ---
VmSize:	    2344 kB
VmRSS:	    1292 kB
VmPTE:	      48 kB
HugetlbPages:	       0 kB
Threads:	1
--- 14:23:36 ---
VmSize:	    2344 kB
VmRSS:	    1292 kB
VmPTE:	      48 kB
HugetlbPages:	       0 kB
Threads:	1
--- 14:23:46 ---
VmSize:	    2344 kB
VmRSS:	    1292 kB
VmPTE:	      48 kB
HugetlbPages:	       0 kB
Threads:	1
--- 14:23:56 ---
VmSize:	    2344 kB
VmRSS:	    1292 kB
VmPTE:	      48 kB
HugetlbPages:	       0 kB
Threads:	1
--- 14:24:06 ---
VmSize:	    2344 kB
VmRSS:	    1292 kB
VmPTE:	      48 kB
HugetlbPages:	       0 kB
Threads:	1
--- 14:24:16 ---
VmSize:	    2344 kB
VmRSS:	    1292 kB
VmPTE:	      48 kB
HugetlbPages:	       0 kB
Threads:	1
--- 14:24:26 ---
VmSize:	    2344 kB
VmRSS:	    1292 kB
VmPTE:	      48 kB
HugetlbPages:	       0 kB
Threads:	1
--- 14:24:36 ---
VmSize:	    2344 kB
VmRSS:	    1292 kB
VmPTE:	      48 kB
HugetlbPages:	       0 kB
Threads:	1
--- 14:24:46 ---
VmSize:	    2344 kB
VmRSS:	    1292 kB
VmPTE:	      48 kB
HugetlbPages:	       0 kB
Threads:	1
--- 14:24:56 ---
VmSize:	    2344 kB
VmRSS:	    1292 kB
VmPTE:	      48 kB
HugetlbPages:	       0 kB
Threads:	1
--- 14:25:06 ---
VmSize:	    2344 kB
VmRSS:	    1292 kB
VmPTE:	      48 kB
HugetlbPages:	       0 kB
Threads:	1
--- 14:25:16 ---
VmSize:	    2344 kB
VmRSS:	    1292 kB
VmPTE:	      48 kB
HugetlbPages:	       0 kB
Threads:	1
--- 14:25:26 ---
VmSize:	    2344 kB
VmRSS:	    1292 kB
VmPTE:	      48 kB
HugetlbPages:	       0 kB
Threads:	1
--- 14:25:36 ---
VmSize:	    2344 kB
VmRSS:	    1292 kB
VmPTE:	      48 kB
HugetlbPages:	       0 kB
Threads:	1
--- 14:25:46 ---
VmSize:	    2344 kB
VmRSS:	    1292 kB
VmPTE:	      48 kB
HugetlbPages:	       0 kB
Threads:	1
--- 14:25:56 ---
VmSize:	    2344 kB
VmRSS:	    1292 kB
VmPTE:	      48 kB
HugetlbPages:	       0 kB
Threads:	1
--- 14:26:06 ---
VmSize:	    2344 kB
VmRSS:	    1292 kB
VmPTE:	      48 kB
HugetlbPages:	       0 kB
Threads:	1
--- 14:26:16 ---
VmSize:	    2344 kB
VmRSS:	    1292 kB
VmPTE:	      48 kB
HugetlbPages:	       0 kB
Threads:	1
--- 14:26:26 ---
VmSize:	    2344 kB
VmRSS:	    1292 kB
VmPTE:	      48 kB
HugetlbPages:	       0 kB
Threads:	1
--- 14:26:36 ---
VmSize:	    2344 kB
VmRSS:	    1292 kB
VmPTE:	      48 kB
HugetlbPages:	       0 kB
Threads:	1
--- 14:26:46 ---
VmSize:	    2344 kB
VmRSS:	    1292 kB
VmPTE:	      48 kB
HugetlbPages:	       0 kB
Threads:	1
--- 14:26:56 ---
VmSize:	    2344 kB
VmRSS:	    1292 kB
VmPTE:	      48 kB
HugetlbPages:	       0 kB
Threads:	1
--- 14:27:06 ---
VmSize:	    2344 kB
VmRSS:	    1292 kB
VmPTE:	      48 kB
HugetlbPages:	       0 kB
Threads:	1
--- 14:27:16 ---
VmSize:	    2344 kB
VmRSS:	    1292 kB
VmPTE:	      48 kB
HugetlbPages:	       0 kB
Threads:	1
--- 14:27:26 ---
VmSize:	    2344 kB
VmRSS:	    1292 kB
VmPTE:	      48 kB
HugetlbPages:	       0 kB
Threads:	1
--- 14:27:36 ---
VmSize:	    2344 kB
VmRSS:	    1292 kB
VmPTE:	      48 kB
HugetlbPages:	       0 kB
Threads:	1
--- 14:27:46 ---
VmSize:	    2344 kB
VmRSS:	    1292 kB
VmPTE:	      48 kB
HugetlbPages:	       0 kB
Threads:	1
--- 14:27:56 ---
VmSize:	    2344 kB
VmRSS:	    1292 kB
VmPTE:	      48 kB
HugetlbPages:	       0 kB
Threads:	1
--- 14:28:06 ---
VmSize:	    2344 kB
VmRSS:	    1292 kB
VmPTE:	      48 kB
HugetlbPages:	       0 kB
Threads:	1
--- 14:28:16 ---
VmSize:	    2344 kB
VmRSS:	    1292 kB
VmPTE:	      48 kB
HugetlbPages:	       0 kB
Threads:	1
--- 14:28:26 ---
VmSize:	    2344 kB
VmRSS:	    1292 kB
VmPTE:	      48 kB
HugetlbPages:	       0 kB
Threads:	1
--- 14:28:36 ---
VmSize:	    2344 kB
VmRSS:	    1292 kB
VmPTE:	      48 kB
HugetlbPages:	       0 kB
Threads:	1
--- 14:28:46 ---
VmSize:	    2344 kB
VmRSS:	    1292 kB
VmPTE:	      48 kB
HugetlbPages:	       0 kB
Threads:	1
--- 14:28:56 ---
VmSize:	    2344 kB
VmRSS:	    1292 kB
VmPTE:	      48 kB
HugetlbPages:	       0 kB
Threads:	1
--- 14:29:06 ---
VmSize:	    2344 kB
VmRSS:	    1292 kB
VmPTE:	      48 kB
HugetlbPages:	       0 kB
Threads:	1
--- 14:29:16 ---
VmSize:	    2344 kB
VmRSS:	    1292 kB
VmPTE:	      48 kB
HugetlbPages:	       0 kB
Threads:	1
--- 14:29:26 ---
VmSize:	    2344 kB
VmRSS:	    1292 kB
VmPTE:	      48 kB
HugetlbPages:	       0 kB
Threads:	1
--- 14:29:36 ---
VmSize:	    2344 kB
VmRSS:	    1292 kB
VmPTE:	      48 kB
HugetlbPages:	       0 kB
Threads:	1
--- 14:29:46 ---
VmSize:	    2344 kB
VmRSS:	    1292 kB
VmPTE:	      48 kB
HugetlbPages:	       0 kB
Threads:	1
--- 14:29:56 ---
VmSize:	    2344 kB
VmRSS:	    1292 kB
VmPTE:	      48 kB
HugetlbPages:	       0 kB
Threads:	1
--- 14:30:06 ---
VmSize:	    2344 kB
VmRSS:	    1292 kB
VmPTE:	      48 kB
HugetlbPages:	       0 kB
Threads:	1
--- 14:30:16 ---
VmSize:	    2344 kB
VmRSS:	    1292 kB
VmPTE:	      48 kB
HugetlbPages:	       0 kB
Threads:	1
--- 14:30:26 ---
VmSize:	    2344 kB
VmRSS:	    1292 kB
VmPTE:	      48 kB
HugetlbPages:	       0 kB
Threads:	1
--- 14:30:36 ---
VmSize:	    2344 kB
VmRSS:	    1292 kB
VmPTE:	      48 kB
HugetlbPages:	       0 kB
Threads:	1
--- 14:30:46 ---
VmSize:	    2344 kB
VmRSS:	    1292 kB
VmPTE:	      48 kB
HugetlbPages:	       0 kB
Threads:	1
--- 14:30:56 ---
VmSize:	    2344 kB
VmRSS:	    1292 kB
VmPTE:	      48 kB
HugetlbPages:	       0 kB
Threads:	1
--- 14:31:06 ---
VmSize:	    2344 kB
VmRSS:	    1292 kB
VmPTE:	      48 kB
HugetlbPages:	       0 kB
Threads:	1
--- 14:31:16 ---
VmSize:	    2344 kB
VmRSS:	    1292 kB
VmPTE:	      48 kB
HugetlbPages:	       0 kB
Threads:	1
--- 14:31:26 ---
VmSize:	    2344 kB
VmRSS:	    1292 kB
VmPTE:	      48 kB
HugetlbPages:	       0 kB
Threads:	1
--- 14:31:36 ---
VmSize:	    2344 kB
VmRSS:	    1292 kB
VmPTE:	      48 kB
HugetlbPages:	       0 kB
Threads:	1
--- 14:31:46 ---
VmSize:	    2344 kB
VmRSS:	    1292 kB
VmPTE:	      48 kB
HugetlbPages:	       0 kB
Threads:	1
--- 14:31:56 ---
VmSize:	    2344 kB
VmRSS:	    1292 kB
VmPTE:	      48 kB
HugetlbPages:	       0 kB
Threads:	1
--- 14:32:06 ---
VmSize:	    2344 kB
VmRSS:	    1292 kB
VmPTE:	      48 kB
HugetlbPages:	       0 kB
Threads:	1
--- 14:32:16 ---
VmSize:	    2344 kB
VmRSS:	    1292 kB
VmPTE:	      48 kB
HugetlbPages:	       0 kB
Threads:	1
--- 14:32:26 ---
VmSize:	    2344 kB
VmRSS:	    1292 kB
VmPTE:	      48 kB
HugetlbPages:	       0 kB
Threads:	1
--- 14:32:36 ---
VmSize:	    2344 kB
VmRSS:	    1292 kB
VmPTE:	      48 kB
HugetlbPages:	       0 kB
Threads:	1
--- 14:32:46 ---
VmSize:	    2344 kB
VmRSS:	    1292 kB
VmPTE:	      48 kB
HugetlbPages:	       0 kB
Threads:	1
--- 14:32:56 ---
VmSize:	    2344 kB
VmRSS:	    1292 kB
VmPTE:	      48 kB
HugetlbPages:	       0 kB
Threads:	1
--- 14:33:06 ---
VmSize:	    2344 kB
VmRSS:	    1292 kB
VmPTE:	      48 kB
HugetlbPages:	       0 kB
Threads:	1
--- 14:33:16 ---
VmSize:	    2344 kB
VmRSS:	    1292 kB
VmPTE:	      48 kB
HugetlbPages:	       0 kB
Threads:	1
--- 14:33:26 ---
VmSize:	    2344 kB
VmRSS:	    1292 kB
VmPTE:	      48 kB
HugetlbPages:	       0 kB
Threads:	1
--- 14:33:36 ---
VmSize:	    2344 kB
VmRSS:	    1292 kB
VmPTE:	      48 kB
HugetlbPages:	       0 kB
Threads:	1
--- 14:33:46 ---
VmSize:	    2344 kB
VmRSS:	    1292 kB
VmPTE:	      48 kB
HugetlbPages:	       0 kB
Threads:	1
--- 14:33:56 ---
VmSize:	    2344 kB
VmRSS:	    1292 kB
VmPTE:	      48 kB
HugetlbPages:	       0 kB
Threads:	1
--- 14:34:06 ---
VmSize:	    2344 kB
VmRSS:	    1292 kB
VmPTE:	      48 kB
HugetlbPages:	       0 kB
Threads:	1
--- 14:34:16 ---
VmSize:	    2344 kB
VmRSS:	    1292 kB
VmPTE:	      48 kB
HugetlbPages:	       0 kB
Threads:	1
--- 14:34:26 ---
VmSize:	    2344 kB
VmRSS:	    1292 kB
VmPTE:	      48 kB
HugetlbPages:	       0 kB
Threads:	1
--- 14:34:36 ---
VmSize:	    2344 kB
VmRSS:	    1292 kB
VmPTE:	      48 kB
HugetlbPages:	       0 kB
Threads:	1
--- 14:34:46 ---
VmSize:	    2344 kB
VmRSS:	    1292 kB
VmPTE:	      48 kB
HugetlbPages:	       0 kB
Threads:	1
--- 14:34:56 ---
VmSize:	    2344 kB
VmRSS:	    1292 kB
VmPTE:	      48 kB
HugetlbPages:	       0 kB
Threads:	1
--- 14:35:06 ---
VmSize:	    2344 kB
VmRSS:	    1292 kB
VmPTE:	      48 kB
HugetlbPages:	       0 kB
Threads:	1
--- 14:35:16 ---
VmSize:	    2344 kB
VmRSS:	    1292 kB
VmPTE:	      48 kB
HugetlbPages:	       0 kB
Threads:	1
--- 14:35:26 ---
VmSize:	    2344 kB
VmRSS:	    1292 kB
VmPTE:	      48 kB
HugetlbPages:	       0 kB
Threads:	1
--- 14:35:36 ---
VmSize:	    2344 kB
VmRSS:	    1292 kB
VmPTE:	      48 kB
HugetlbPages:	       0 kB
Threads:	1
--- 14:35:46 ---
VmSize:	    2344 kB
VmRSS:	    1292 kB
VmPTE:	      48 kB
HugetlbPages:	       0 kB
Threads:	1
--- 14:35:56 ---
VmSize:	    2344 kB
VmRSS:	    1292 kB
VmPTE:	      48 kB
HugetlbPages:	       0 kB
Threads:	1
--- 14:36:06 ---
VmSize:	    2344 kB
VmRSS:	    1292 kB
VmPTE:	      48 kB
HugetlbPages:	       0 kB
Threads:	1
--- 14:36:16 ---
VmSize:	    2344 kB
VmRSS:	    1292 kB
VmPTE:	      48 kB
HugetlbPages:	       0 kB
Threads:	1
--- 14:36:26 ---
VmSize:	    2344 kB
VmRSS:	    1292 kB
VmPTE:	      48 kB
HugetlbPages:	       0 kB
Threads:	1
--- 14:36:36 ---
VmSize:	    2344 kB
VmRSS:	    1292 kB
VmPTE:	      48 kB
HugetlbPages:	       0 kB
Threads:	1
--- 14:36:46 ---
VmSize:	    2344 kB
VmRSS:	    1292 kB
VmPTE:	      48 kB
HugetlbPages:	       0 kB
Threads:	1
--- 14:36:56 ---
VmSize:	    2344 kB
VmRSS:	    1292 kB
VmPTE:	      48 kB
HugetlbPages:	       0 kB
Threads:	1
--- 14:37:06 ---
VmSize:	    2344 kB
VmRSS:	    1292 kB
VmPTE:	      48 kB
HugetlbPages:	       0 kB
Threads:	1
--- 14:37:16 ---
VmSize:	    2344 kB
VmRSS:	    1292 kB
VmPTE:	      48 kB
HugetlbPages:	       0 kB
Threads:	1
--- 14:37:26 ---
VmSize:	    2344 kB
VmRSS:	    1292 kB
VmPTE:	      48 kB
HugetlbPages:	       0 kB
Threads:	1
--- 14:37:36 ---
VmSize:	    2344 kB
VmRSS:	    1292 kB
VmPTE:	      48 kB
HugetlbPages:	       0 kB
Threads:	1
--- 14:37:46 ---
VmSize:	    2344 kB
VmRSS:	    1292 kB
VmPTE:	      48 kB
HugetlbPages:	       0 kB
Threads:	1
--- 14:37:56 ---
VmSize:	    2344 kB
VmRSS:	    1292 kB
VmPTE:	      48 kB
HugetlbPages:	       0 kB
Threads:	1
--- 14:38:06 ---
VmSize:	    2344 kB
VmRSS:	    1292 kB
VmPTE:	      48 kB
HugetlbPages:	       0 kB
Threads:	1
--- 14:38:16 ---
VmSize:	    2344 kB
VmRSS:	    1292 kB
VmPTE:	      48 kB
HugetlbPages:	       0 kB
Threads:	1
--- 14:38:26 ---
VmSize:	    2344 kB
VmRSS:	    1292 kB
VmPTE:	      48 kB
HugetlbPages:	       0 kB
Threads:	1
--- 14:38:36 ---
VmSize:	    2344 kB
VmRSS:	    1292 kB
VmPTE:	      48 kB
HugetlbPages:	       0 kB
Threads:	1
--- 14:38:46 ---
VmSize:	    2344 kB
VmRSS:	    1292 kB
VmPTE:	      48 kB
HugetlbPages:	       0 kB
Threads:	1
--- 14:38:57 ---
VmSize:	    2344 kB
VmRSS:	    1292 kB
VmPTE:	      48 kB
HugetlbPages:	       0 kB
Threads:	1
--- 14:39:07 ---
VmSize:	    2344 kB
VmRSS:	    1292 kB
VmPTE:	      48 kB
HugetlbPages:	       0 kB
Threads:	1
--- 14:39:17 ---
VmSize:	    2344 kB
VmRSS:	    1292 kB
VmPTE:	      48 kB
HugetlbPages:	       0 kB
Threads:	1
--- 14:39:27 ---
VmSize:	    2344 kB
VmRSS:	    1292 kB
VmPTE:	      48 kB
HugetlbPages:	       0 kB
Threads:	1
--- 14:39:37 ---
VmSize:	    2344 kB
VmRSS:	    1292 kB
VmPTE:	      48 kB
HugetlbPages:	       0 kB
Threads:	1
--- 14:39:47 ---
VmSize:	    2344 kB
VmRSS:	    1292 kB
VmPTE:	      48 kB
HugetlbPages:	       0 kB
Threads:	1
--- 14:39:57 ---
VmSize:	    2344 kB
VmRSS:	    1292 kB
VmPTE:	      48 kB
HugetlbPages:	       0 kB
Threads:	1
--- 14:40:07 ---
VmSize:	    2344 kB
VmRSS:	    1292 kB
VmPTE:	      48 kB
HugetlbPages:	       0 kB
Threads:	1
--- 14:40:17 ---
VmSize:	    2344 kB
VmRSS:	    1292 kB
VmPTE:	      48 kB
HugetlbPages:	       0 kB
Threads:	1
--- 14:40:27 ---
VmSize:	    2344 kB
VmRSS:	    1292 kB
VmPTE:	      48 kB
HugetlbPages:	       0 kB
Threads:	1
--- 14:40:37 ---
VmSize:	    2344 kB
VmRSS:	    1292 kB
VmPTE:	      48 kB
HugetlbPages:	       0 kB
Threads:	1
--- 14:40:47 ---
VmSize:	    2344 kB
VmRSS:	    1292 kB
VmPTE:	      48 kB
HugetlbPages:	       0 kB
Threads:	1
--- 14:40:57 ---
VmSize:	    2344 kB
VmRSS:	    1292 kB
VmPTE:	      48 kB
HugetlbPages:	       0 kB
Threads:	1
--- 14:41:07 ---
VmSize:	    2344 kB
VmRSS:	    1292 kB
VmPTE:	      48 kB
HugetlbPages:	       0 kB
Threads:	1
--- 14:41:17 ---
VmSize:	    2344 kB
VmRSS:	    1292 kB
VmPTE:	      48 kB
HugetlbPages:	       0 kB
Threads:	1
--- 14:41:27 ---
VmSize:	    2344 kB
VmRSS:	    1292 kB
VmPTE:	      48 kB
HugetlbPages:	       0 kB
Threads:	1
--- 14:41:37 ---
VmSize:	    2344 kB
VmRSS:	    1292 kB
VmPTE:	      48 kB
HugetlbPages:	       0 kB
Threads:	1
--- 14:41:47 ---
VmSize:	    2344 kB
VmRSS:	    1292 kB
VmPTE:	      48 kB
HugetlbPages:	       0 kB
Threads:	1
--- 14:41:57 ---
VmSize:	    2344 kB
VmRSS:	    1292 kB
VmPTE:	      48 kB
HugetlbPages:	       0 kB
Threads:	1
--- 14:42:07 ---
VmSize:	    2344 kB
VmRSS:	    1292 kB
VmPTE:	      48 kB
HugetlbPages:	       0 kB
Threads:	1
--- 14:42:17 ---
VmSize:	    2344 kB
VmRSS:	    1292 kB
VmPTE:	      48 kB
HugetlbPages:	       0 kB
Threads:	1
--- 14:42:27 ---
VmSize:	    2344 kB
VmRSS:	    1292 kB
VmPTE:	      48 kB
HugetlbPages:	       0 kB
Threads:	1
--- 14:42:37 ---
VmSize:	    2344 kB
VmRSS:	    1292 kB
VmPTE:	      48 kB
HugetlbPages:	       0 kB
Threads:	1
--- 14:42:47 ---
VmSize:	    2344 kB
VmRSS:	    1292 kB
VmPTE:	      48 kB
HugetlbPages:	       0 kB
Threads:	1
--- 14:42:57 ---
VmSize:	    2344 kB
VmRSS:	    1292 kB
VmPTE:	      48 kB
HugetlbPages:	       0 kB
Threads:	1
--- 14:43:07 ---
VmSize:	    2344 kB
VmRSS:	    1292 kB
VmPTE:	      48 kB
HugetlbPages:	       0 kB
Threads:	1
--- 14:43:17 ---
VmSize:	    2344 kB
VmRSS:	    1292 kB
VmPTE:	      48 kB
HugetlbPages:	       0 kB
Threads:	1
--- 14:43:27 ---
VmSize:	    2344 kB
VmRSS:	    1292 kB
VmPTE:	      48 kB
HugetlbPages:	       0 kB
Threads:	1
--- 14:43:37 ---
VmSize:	    2344 kB
VmRSS:	    1292 kB
VmPTE:	      48 kB
HugetlbPages:	       0 kB
Threads:	1
--- 14:43:47 ---
VmSize:	    2344 kB
VmRSS:	    1292 kB
VmPTE:	      48 kB
HugetlbPages:	       0 kB
Threads:	1
--- 14:43:57 ---
VmSize:	    2344 kB
VmRSS:	    1292 kB
VmPTE:	      48 kB
HugetlbPages:	       0 kB
Threads:	1
--- 14:44:07 ---
VmSize:	    2344 kB
VmRSS:	    1292 kB
VmPTE:	      48 kB
HugetlbPages:	       0 kB
Threads:	1
--- 14:44:17 ---
VmSize:	    2344 kB
VmRSS:	    1292 kB
VmPTE:	      48 kB
HugetlbPages:	       0 kB
Threads:	1
--- 14:44:27 ---
VmSize:	    2344 kB
VmRSS:	    1292 kB
VmPTE:	      48 kB
HugetlbPages:	       0 kB
Threads:	1
--- 14:44:37 ---
VmSize:	    2344 kB
VmRSS:	    1292 kB
VmPTE:	      48 kB
HugetlbPages:	       0 kB
Threads:	1
--- 14:44:47 ---
VmSize:	    2344 kB
VmRSS:	    1292 kB
VmPTE:	      48 kB
HugetlbPages:	       0 kB
Threads:	1
--- 14:44:57 ---
VmSize:	    2344 kB
VmRSS:	    1292 kB
VmPTE:	      48 kB
HugetlbPages:	       0 kB
Threads:	1
--- 14:45:07 ---
VmSize:	    2344 kB
VmRSS:	    1292 kB
VmPTE:	      48 kB
HugetlbPages:	       0 kB
Threads:	1
--- 14:45:17 ---
VmSize:	    2344 kB
VmRSS:	    1292 kB
VmPTE:	      48 kB
HugetlbPages:	       0 kB
Threads:	1
--- 14:45:27 ---
VmSize:	    2344 kB
VmRSS:	    1292 kB
VmPTE:	      48 kB
HugetlbPages:	       0 kB
Threads:	1
--- 14:45:37 ---
VmSize:	    2344 kB
VmRSS:	    1292 kB
VmPTE:	      48 kB
HugetlbPages:	       0 kB
Threads:	1
--- 14:45:47 ---
VmSize:	    2344 kB
VmRSS:	    1292 kB
VmPTE:	      48 kB
HugetlbPages:	       0 kB
Threads:	1
--- 14:45:57 ---
VmSize:	    2344 kB
VmRSS:	    1292 kB
VmPTE:	      48 kB
HugetlbPages:	       0 kB
Threads:	1
--- 14:46:07 ---
VmSize:	    2344 kB
VmRSS:	    1292 kB
VmPTE:	      48 kB
HugetlbPages:	       0 kB
Threads:	1
--- 14:46:17 ---
VmSize:	    2344 kB
VmRSS:	    1292 kB
VmPTE:	      48 kB
HugetlbPages:	       0 kB
Threads:	1
--- 14:46:27 ---
VmSize:	    2344 kB
VmRSS:	    1292 kB
VmPTE:	      48 kB
HugetlbPages:	       0 kB
Threads:	1
--- 14:46:37 ---
VmSize:	    2344 kB
VmRSS:	    1292 kB
VmPTE:	      48 kB
HugetlbPages:	       0 kB
Threads:	1
--- 14:46:47 ---
VmSize:	    2344 kB
VmRSS:	    1292 kB
VmPTE:	      48 kB
HugetlbPages:	       0 kB
Threads:	1
--- 14:46:57 ---
VmSize:	    2344 kB
VmRSS:	    1292 kB
VmPTE:	      48 kB
HugetlbPages:	       0 kB
Threads:	1
--- 14:47:07 ---
VmSize:	    2344 kB
VmRSS:	    1292 kB
VmPTE:	      48 kB
HugetlbPages:	       0 kB
Threads:	1
--- 14:47:17 ---
VmSize:	    2344 kB
VmRSS:	    1292 kB
VmPTE:	      48 kB
HugetlbPages:	       0 kB
Threads:	1
