--- 12:08:18 ---
VmSize:	    2344 kB
VmRSS:	    1272 kB
VmPTE:	      48 kB
HugetlbPages:	       0 kB
Threads:	1
--- 12:08:28 ---
VmSize:	    2344 kB
VmRSS:	    1272 kB
VmPTE:	      48 kB
HugetlbPages:	       0 kB
Threads:	1
--- 12:08:38 ---
VmSize:	    2344 kB
VmRSS:	    1272 kB
VmPTE:	      48 kB
HugetlbPages:	       0 kB
Threads:	1
--- 12:08:48 ---
VmSize:	    2344 kB
VmRSS:	    1272 kB
VmPTE:	      48 kB
HugetlbPages:	       0 kB
Threads:	1
--- 12:08:58 ---
VmSize:	    2344 kB
VmRSS:	    1272 kB
VmPTE:	      48 kB
HugetlbPages:	       0 kB
Threads:	1
--- 12:09:08 ---
VmSize:	    2344 kB
VmRSS:	    1272 kB
VmPTE:	      48 kB
HugetlbPages:	       0 kB
Threads:	1
--- 12:09:18 ---
VmSize:	    2344 kB
VmRSS:	    1272 kB
VmPTE:	      48 kB
HugetlbPages:	       0 kB
Threads:	1
--- 12:09:28 ---
VmSize:	    2344 kB
VmRSS:	    1272 kB
VmPTE:	      48 kB
HugetlbPages:	       0 kB
Threads:	1
--- 12:09:38 ---
VmSize:	    2344 kB
VmRSS:	    1272 kB
VmPTE:	      48 kB
HugetlbPages:	       0 kB
Threads:	1
--- 12:09:48 ---
VmSize:	    2344 kB
VmRSS:	    1272 kB
VmPTE:	      48 kB
HugetlbPages:	       0 kB
Threads:	1
--- 12:09:58 ---
VmSize:	    2344 kB
VmRSS:	    1272 kB
VmPTE:	      48 kB
HugetlbPages:	       0 kB
Threads:	1
--- 12:10:08 ---
VmSize:	    2344 kB
VmRSS:	    1272 kB
VmPTE:	      48 kB
HugetlbPages:	       0 kB
Threads:	1
--- 12:10:18 ---
VmSize:	    2344 kB
VmRSS:	    1272 kB
VmPTE:	      48 kB
HugetlbPages:	       0 kB
Threads:	1
--- 12:10:28 ---
VmSize:	    2344 kB
VmRSS:	    1272 kB
VmPTE:	      48 kB
HugetlbPages:	       0 kB
Threads:	1
--- 12:10:38 ---
VmSize:	    2344 kB
VmRSS:	    1272 kB
VmPTE:	      48 kB
HugetlbPages:	       0 kB
Threads:	1
--- 12:10:48 ---
VmSize:	    2344 kB
VmRSS:	    1272 kB
VmPTE:	      48 kB
HugetlbPages:	       0 kB
Threads:	1
--- 12:10:58 ---
VmSize:	    2344 kB
VmRSS:	    1272 kB
VmPTE:	      48 kB
HugetlbPages:	       0 kB
Threads:	1
--- 12:11:08 ---
VmSize:	    2344 kB
VmRSS:	    1272 kB
VmPTE:	      48 kB
HugetlbPages:	       0 kB
Threads:	1
--- 12:11:18 ---
VmSize:	    2344 kB
VmRSS:	    1272 kB
VmPTE:	      48 kB
HugetlbPages:	       0 kB
Threads:	1
--- 12:11:28 ---
VmSize:	    2344 kB
VmRSS:	    1272 kB
VmPTE:	      48 kB
HugetlbPages:	       0 kB
Threads:	1
--- 12:11:38 ---
VmSize:	    2344 kB
VmRSS:	    1272 kB
VmPTE:	      48 kB
HugetlbPages:	       0 kB
Threads:	1
--- 12:11:48 ---
VmSize:	    2344 kB
VmRSS:	    1272 kB
VmPTE:	      48 kB
HugetlbPages:	       0 kB
Threads:	1
--- 12:11:58 ---
VmSize:	    2344 kB
VmRSS:	    1272 kB
VmPTE:	      48 kB
HugetlbPages:	       0 kB
Threads:	1
--- 12:12:08 ---
VmSize:	    2344 kB
VmRSS:	    1272 kB
VmPTE:	      48 kB
HugetlbPages:	       0 kB
Threads:	1
--- 12:12:18 ---
VmSize:	    2344 kB
VmRSS:	    1272 kB
VmPTE:	      48 kB
HugetlbPages:	       0 kB
Threads:	1
--- 12:12:28 ---
VmSize:	    2344 kB
VmRSS:	    1272 kB
VmPTE:	      48 kB
HugetlbPages:	       0 kB
Threads:	1
--- 12:12:38 ---
VmSize:	    2344 kB
VmRSS:	    1272 kB
VmPTE:	      48 kB
HugetlbPages:	       0 kB
Threads:	1
--- 12:12:48 ---
VmSize:	    2344 kB
VmRSS:	    1272 kB
VmPTE:	      48 kB
HugetlbPages:	       0 kB
Threads:	1
--- 12:12:58 ---
VmSize:	    2344 kB
VmRSS:	    1272 kB
VmPTE:	      48 kB
HugetlbPages:	       0 kB
Threads:	1
--- 12:13:08 ---
VmSize:	    2344 kB
VmRSS:	    1272 kB
VmPTE:	      48 kB
HugetlbPages:	       0 kB
Threads:	1
--- 12:13:18 ---
VmSize:	    2344 kB
VmRSS:	    1272 kB
VmPTE:	      48 kB
HugetlbPages:	       0 kB
Threads:	1
--- 12:13:28 ---
VmSize:	    2344 kB
VmRSS:	    1272 kB
VmPTE:	      48 kB
HugetlbPages:	       0 kB
Threads:	1
--- 12:13:38 ---
VmSize:	    2344 kB
VmRSS:	    1272 kB
VmPTE:	      48 kB
HugetlbPages:	       0 kB
Threads:	1
--- 12:13:48 ---
VmSize:	    2344 kB
VmRSS:	    1272 kB
VmPTE:	      48 kB
HugetlbPages:	       0 kB
Threads:	1
--- 12:13:58 ---
VmSize:	    2344 kB
VmRSS:	    1272 kB
VmPTE:	      48 kB
HugetlbPages:	       0 kB
Threads:	1
--- 12:14:08 ---
VmSize:	    2344 kB
VmRSS:	    1272 kB
VmPTE:	      48 kB
HugetlbPages:	       0 kB
Threads:	1
--- 12:14:18 ---
VmSize:	    2344 kB
VmRSS:	    1272 kB
VmPTE:	      48 kB
HugetlbPages:	       0 kB
Threads:	1
--- 12:14:28 ---
VmSize:	    2344 kB
VmRSS:	    1272 kB
VmPTE:	      48 kB
HugetlbPages:	       0 kB
Threads:	1
--- 12:14:38 ---
VmSize:	    2344 kB
VmRSS:	    1272 kB
VmPTE:	      48 kB
HugetlbPages:	       0 kB
Threads:	1
--- 12:14:48 ---
VmSize:	    2344 kB
VmRSS:	    1272 kB
VmPTE:	      48 kB
HugetlbPages:	       0 kB
Threads:	1
--- 12:14:58 ---
VmSize:	    2344 kB
VmRSS:	    1272 kB
VmPTE:	      48 kB
HugetlbPages:	       0 kB
Threads:	1
--- 12:15:08 ---
VmSize:	    2344 kB
VmRSS:	    1272 kB
VmPTE:	      48 kB
HugetlbPages:	       0 kB
Threads:	1
--- 12:15:18 ---
VmSize:	    2344 kB
VmRSS:	    1272 kB
VmPTE:	      48 kB
HugetlbPages:	       0 kB
Threads:	1
--- 12:15:28 ---
VmSize:	    2344 kB
VmRSS:	    1272 kB
VmPTE:	      48 kB
HugetlbPages:	       0 kB
Threads:	1
--- 12:15:38 ---
VmSize:	    2344 kB
VmRSS:	    1272 kB
VmPTE:	      48 kB
HugetlbPages:	       0 kB
Threads:	1
--- 12:15:48 ---
VmSize:	    2344 kB
VmRSS:	    1272 kB
VmPTE:	      48 kB
HugetlbPages:	       0 kB
Threads:	1
--- 12:15:58 ---
VmSize:	    2344 kB
VmRSS:	    1272 kB
VmPTE:	      48 kB
HugetlbPages:	       0 kB
Threads:	1
--- 12:16:08 ---
VmSize:	    2344 kB
VmRSS:	    1272 kB
VmPTE:	      48 kB
HugetlbPages:	       0 kB
Threads:	1
--- 12:16:18 ---
VmSize:	    2344 kB
VmRSS:	    1272 kB
VmPTE:	      48 kB
HugetlbPages:	       0 kB
Threads:	1
--- 12:16:28 ---
VmSize:	    2344 kB
VmRSS:	    1272 kB
VmPTE:	      48 kB
HugetlbPages:	       0 kB
Threads:	1
--- 12:16:38 ---
VmSize:	    2344 kB
VmRSS:	    1272 kB
VmPTE:	      48 kB
HugetlbPages:	       0 kB
Threads:	1
--- 12:16:48 ---
VmSize:	    2344 kB
VmRSS:	    1272 kB
VmPTE:	      48 kB
HugetlbPages:	       0 kB
Threads:	1
--- 12:16:58 ---
VmSize:	    2344 kB
VmRSS:	    1272 kB
VmPTE:	      48 kB
HugetlbPages:	       0 kB
Threads:	1
--- 12:17:08 ---
VmSize:	    2344 kB
VmRSS:	    1272 kB
VmPTE:	      48 kB
HugetlbPages:	       0 kB
Threads:	1
--- 12:17:18 ---
VmSize:	    2344 kB
VmRSS:	    1272 kB
VmPTE:	      48 kB
HugetlbPages:	       0 kB
Threads:	1
--- 12:17:28 ---
VmSize:	    2344 kB
VmRSS:	    1272 kB
VmPTE:	      48 kB
HugetlbPages:	       0 kB
Threads:	1
--- 12:17:38 ---
VmSize:	    2344 kB
VmRSS:	    1272 kB
VmPTE:	      48 kB
HugetlbPages:	       0 kB
Threads:	1
--- 12:17:48 ---
VmSize:	    2344 kB
VmRSS:	    1272 kB
VmPTE:	      48 kB
HugetlbPages:	       0 kB
Threads:	1
--- 12:17:58 ---
VmSize:	    2344 kB
VmRSS:	    1272 kB
VmPTE:	      48 kB
HugetlbPages:	       0 kB
Threads:	1
--- 12:18:08 ---
VmSize:	    2344 kB
VmRSS:	    1272 kB
VmPTE:	      48 kB
HugetlbPages:	       0 kB
Threads:	1
--- 12:18:18 ---
VmSize:	    2344 kB
VmRSS:	    1272 kB
VmPTE:	      48 kB
HugetlbPages:	       0 kB
Threads:	1
--- 12:18:28 ---
VmSize:	    2344 kB
VmRSS:	    1272 kB
VmPTE:	      48 kB
HugetlbPages:	       0 kB
Threads:	1
--- 12:18:38 ---
VmSize:	    2344 kB
VmRSS:	    1272 kB
VmPTE:	      48 kB
HugetlbPages:	       0 kB
Threads:	1
--- 12:18:48 ---
VmSize:	    2344 kB
VmRSS:	    1272 kB
VmPTE:	      48 kB
HugetlbPages:	       0 kB
Threads:	1
--- 12:18:58 ---
VmSize:	    2344 kB
VmRSS:	    1272 kB
VmPTE:	      48 kB
HugetlbPages:	       0 kB
Threads:	1
--- 12:19:08 ---
VmSize:	    2344 kB
VmRSS:	    1272 kB
VmPTE:	      48 kB
HugetlbPages:	       0 kB
Threads:	1
--- 12:19:18 ---
VmSize:	    2344 kB
VmRSS:	    1272 kB
VmPTE:	      48 kB
HugetlbPages:	       0 kB
Threads:	1
--- 12:19:28 ---
VmSize:	    2344 kB
VmRSS:	    1272 kB
VmPTE:	      48 kB
HugetlbPages:	       0 kB
Threads:	1
--- 12:19:38 ---
VmSize:	    2344 kB
VmRSS:	    1272 kB
VmPTE:	      48 kB
HugetlbPages:	       0 kB
Threads:	1
--- 12:19:48 ---
VmSize:	    2344 kB
VmRSS:	    1272 kB
VmPTE:	      48 kB
HugetlbPages:	       0 kB
Threads:	1
--- 12:19:58 ---
VmSize:	    2344 kB
VmRSS:	    1272 kB
VmPTE:	      48 kB
HugetlbPages:	       0 kB
Threads:	1
--- 12:20:08 ---
VmSize:	    2344 kB
VmRSS:	    1272 kB
VmPTE:	      48 kB
HugetlbPages:	       0 kB
Threads:	1
--- 12:20:18 ---
VmSize:	    2344 kB
VmRSS:	    1272 kB
VmPTE:	      48 kB
HugetlbPages:	       0 kB
Threads:	1
--- 12:20:28 ---
VmSize:	    2344 kB
VmRSS:	    1272 kB
VmPTE:	      48 kB
HugetlbPages:	       0 kB
Threads:	1
--- 12:20:38 ---
VmSize:	    2344 kB
VmRSS:	    1272 kB
VmPTE:	      48 kB
HugetlbPages:	       0 kB
Threads:	1
--- 12:20:48 ---
VmSize:	    2344 kB
VmRSS:	    1272 kB
VmPTE:	      48 kB
HugetlbPages:	       0 kB
Threads:	1
--- 12:20:58 ---
VmSize:	    2344 kB
VmRSS:	    1272 kB
VmPTE:	      48 kB
HugetlbPages:	       0 kB
Threads:	1
--- 12:21:08 ---
VmSize:	    2344 kB
VmRSS:	    1272 kB
VmPTE:	      48 kB
HugetlbPages:	       0 kB
Threads:	1
--- 12:21:18 ---
VmSize:	    2344 kB
VmRSS:	    1272 kB
VmPTE:	      48 kB
HugetlbPages:	       0 kB
Threads:	1
--- 12:21:28 ---
VmSize:	    2344 kB
VmRSS:	    1272 kB
VmPTE:	      48 kB
HugetlbPages:	       0 kB
Threads:	1
--- 12:21:38 ---
VmSize:	    2344 kB
VmRSS:	    1272 kB
VmPTE:	      48 kB
HugetlbPages:	       0 kB
Threads:	1
--- 12:21:48 ---
VmSize:	    2344 kB
VmRSS:	    1272 kB
VmPTE:	      48 kB
HugetlbPages:	       0 kB
Threads:	1
--- 12:21:58 ---
VmSize:	    2344 kB
VmRSS:	    1272 kB
VmPTE:	      48 kB
HugetlbPages:	       0 kB
Threads:	1
--- 12:22:08 ---
VmSize:	    2344 kB
VmRSS:	    1272 kB
VmPTE:	      48 kB
HugetlbPages:	       0 kB
Threads:	1
--- 12:22:18 ---
VmSize:	    2344 kB
VmRSS:	    1272 kB
VmPTE:	      48 kB
HugetlbPages:	       0 kB
Threads:	1
--- 12:22:28 ---
VmSize:	    2344 kB
VmRSS:	    1272 kB
VmPTE:	      48 kB
HugetlbPages:	       0 kB
Threads:	1
--- 12:22:38 ---
VmSize:	    2344 kB
VmRSS:	    1272 kB
VmPTE:	      48 kB
HugetlbPages:	       0 kB
Threads:	1
--- 12:22:48 ---
VmSize:	    2344 kB
VmRSS:	    1272 kB
VmPTE:	      48 kB
HugetlbPages:	       0 kB
Threads:	1
--- 12:22:58 ---
VmSize:	    2344 kB
VmRSS:	    1272 kB
VmPTE:	      48 kB
HugetlbPages:	       0 kB
Threads:	1
--- 12:23:08 ---
VmSize:	    2344 kB
VmRSS:	    1272 kB
VmPTE:	      48 kB
HugetlbPages:	       0 kB
Threads:	1
--- 12:23:18 ---
VmSize:	    2344 kB
VmRSS:	    1272 kB
VmPTE:	      48 kB
HugetlbPages:	       0 kB
Threads:	1
--- 12:23:28 ---
VmSize:	    2344 kB
VmRSS:	    1272 kB
VmPTE:	      48 kB
HugetlbPages:	       0 kB
Threads:	1
--- 12:23:38 ---
VmSize:	    2344 kB
VmRSS:	    1272 kB
VmPTE:	      48 kB
HugetlbPages:	       0 kB
Threads:	1
--- 12:23:48 ---
VmSize:	    2344 kB
VmRSS:	    1272 kB
VmPTE:	      48 kB
HugetlbPages:	       0 kB
Threads:	1
--- 12:23:58 ---
VmSize:	    2344 kB
VmRSS:	    1272 kB
VmPTE:	      48 kB
HugetlbPages:	       0 kB
Threads:	1
--- 12:24:08 ---
VmSize:	    2344 kB
VmRSS:	    1272 kB
VmPTE:	      48 kB
HugetlbPages:	       0 kB
Threads:	1
--- 12:24:18 ---
VmSize:	    2344 kB
VmRSS:	    1272 kB
VmPTE:	      48 kB
HugetlbPages:	       0 kB
Threads:	1
--- 12:24:28 ---
VmSize:	    2344 kB
VmRSS:	    1272 kB
VmPTE:	      48 kB
HugetlbPages:	       0 kB
Threads:	1
--- 12:24:38 ---
VmSize:	    2344 kB
VmRSS:	    1272 kB
VmPTE:	      48 kB
HugetlbPages:	       0 kB
Threads:	1
--- 12:24:48 ---
VmSize:	    2344 kB
VmRSS:	    1272 kB
VmPTE:	      48 kB
HugetlbPages:	       0 kB
Threads:	1
--- 12:24:58 ---
VmSize:	    2344 kB
VmRSS:	    1272 kB
VmPTE:	      48 kB
HugetlbPages:	       0 kB
Threads:	1
--- 12:25:08 ---
VmSize:	    2344 kB
VmRSS:	    1272 kB
VmPTE:	      48 kB
HugetlbPages:	       0 kB
Threads:	1
--- 12:25:18 ---
VmSize:	    2344 kB
VmRSS:	    1272 kB
VmPTE:	      48 kB
HugetlbPages:	       0 kB
Threads:	1
--- 12:25:28 ---
VmSize:	    2344 kB
VmRSS:	    1272 kB
VmPTE:	      48 kB
HugetlbPages:	       0 kB
Threads:	1
--- 12:25:38 ---
VmSize:	    2344 kB
VmRSS:	    1272 kB
VmPTE:	      48 kB
HugetlbPages:	       0 kB
Threads:	1
--- 12:25:48 ---
VmSize:	    2344 kB
VmRSS:	    1272 kB
VmPTE:	      48 kB
HugetlbPages:	       0 kB
Threads:	1
--- 12:25:58 ---
VmSize:	    2344 kB
VmRSS:	    1272 kB
VmPTE:	      48 kB
HugetlbPages:	       0 kB
Threads:	1
--- 12:26:08 ---
VmSize:	    2344 kB
VmRSS:	    1272 kB
VmPTE:	      48 kB
HugetlbPages:	       0 kB
Threads:	1
--- 12:26:18 ---
VmSize:	    2344 kB
VmRSS:	    1272 kB
VmPTE:	      48 kB
HugetlbPages:	       0 kB
Threads:	1
--- 12:26:28 ---
VmSize:	    2344 kB
VmRSS:	    1272 kB
VmPTE:	      48 kB
HugetlbPages:	       0 kB
Threads:	1
--- 12:26:38 ---
VmSize:	    2344 kB
VmRSS:	    1272 kB
VmPTE:	      48 kB
HugetlbPages:	       0 kB
Threads:	1
--- 12:26:48 ---
VmSize:	    2344 kB
VmRSS:	    1272 kB
VmPTE:	      48 kB
HugetlbPages:	       0 kB
Threads:	1
--- 12:26:58 ---
VmSize:	    2344 kB
VmRSS:	    1272 kB
VmPTE:	      48 kB
HugetlbPages:	       0 kB
Threads:	1
--- 12:27:08 ---
VmSize:	    2344 kB
VmRSS:	    1272 kB
VmPTE:	      48 kB
HugetlbPages:	       0 kB
Threads:	1
--- 12:27:18 ---
VmSize:	    2344 kB
VmRSS:	    1272 kB
VmPTE:	      48 kB
HugetlbPages:	       0 kB
Threads:	1
--- 12:27:28 ---
VmSize:	    2344 kB
VmRSS:	    1272 kB
VmPTE:	      48 kB
HugetlbPages:	       0 kB
Threads:	1
--- 12:27:38 ---
VmSize:	    2344 kB
VmRSS:	    1272 kB
VmPTE:	      48 kB
HugetlbPages:	       0 kB
Threads:	1
--- 12:27:48 ---
VmSize:	    2344 kB
VmRSS:	    1272 kB
VmPTE:	      48 kB
HugetlbPages:	       0 kB
Threads:	1
--- 12:27:58 ---
VmSize:	    2344 kB
VmRSS:	    1272 kB
VmPTE:	      48 kB
HugetlbPages:	       0 kB
Threads:	1
--- 12:28:08 ---
VmSize:	    2344 kB
VmRSS:	    1272 kB
VmPTE:	      48 kB
HugetlbPages:	       0 kB
Threads:	1
--- 12:28:18 ---
VmSize:	    2344 kB
VmRSS:	    1272 kB
VmPTE:	      48 kB
HugetlbPages:	       0 kB
Threads:	1
--- 12:28:28 ---
VmSize:	    2344 kB
VmRSS:	    1272 kB
VmPTE:	      48 kB
HugetlbPages:	       0 kB
Threads:	1
--- 12:28:38 ---
VmSize:	    2344 kB
VmRSS:	    1272 kB
VmPTE:	      48 kB
HugetlbPages:	       0 kB
Threads:	1
--- 12:28:48 ---
VmSize:	    2344 kB
VmRSS:	    1272 kB
VmPTE:	      48 kB
HugetlbPages:	       0 kB
Threads:	1
--- 12:28:58 ---
VmSize:	    2344 kB
VmRSS:	    1272 kB
VmPTE:	      48 kB
HugetlbPages:	       0 kB
Threads:	1
--- 12:29:08 ---
VmSize:	    2344 kB
VmRSS:	    1272 kB
VmPTE:	      48 kB
HugetlbPages:	       0 kB
Threads:	1
--- 12:29:18 ---
VmSize:	    2344 kB
VmRSS:	    1272 kB
VmPTE:	      48 kB
HugetlbPages:	       0 kB
Threads:	1
--- 12:29:28 ---
VmSize:	    2344 kB
VmRSS:	    1272 kB
VmPTE:	      48 kB
HugetlbPages:	       0 kB
Threads:	1
--- 12:29:38 ---
VmSize:	    2344 kB
VmRSS:	    1272 kB
VmPTE:	      48 kB
HugetlbPages:	       0 kB
Threads:	1
--- 12:29:48 ---
VmSize:	    2344 kB
VmRSS:	    1272 kB
VmPTE:	      48 kB
HugetlbPages:	       0 kB
Threads:	1
--- 12:29:59 ---
VmSize:	    2344 kB
VmRSS:	    1272 kB
VmPTE:	      48 kB
HugetlbPages:	       0 kB
Threads:	1
--- 12:30:09 ---
VmSize:	    2344 kB
VmRSS:	    1272 kB
VmPTE:	      48 kB
HugetlbPages:	       0 kB
Threads:	1
--- 12:30:19 ---
VmSize:	    2344 kB
VmRSS:	    1272 kB
VmPTE:	      48 kB
HugetlbPages:	       0 kB
Threads:	1
--- 12:30:29 ---
VmSize:	    2344 kB
VmRSS:	    1272 kB
VmPTE:	      48 kB
HugetlbPages:	       0 kB
Threads:	1
--- 12:30:39 ---
VmSize:	    2344 kB
VmRSS:	    1272 kB
VmPTE:	      48 kB
HugetlbPages:	       0 kB
Threads:	1
--- 12:30:49 ---
VmSize:	    2344 kB
VmRSS:	    1272 kB
VmPTE:	      48 kB
HugetlbPages:	       0 kB
Threads:	1
--- 12:30:59 ---
VmSize:	    2344 kB
VmRSS:	    1272 kB
VmPTE:	      48 kB
HugetlbPages:	       0 kB
Threads:	1
--- 12:31:09 ---
VmSize:	    2344 kB
VmRSS:	    1272 kB
VmPTE:	      48 kB
HugetlbPages:	       0 kB
Threads:	1
--- 12:31:19 ---
VmSize:	    2344 kB
VmRSS:	    1272 kB
VmPTE:	      48 kB
HugetlbPages:	       0 kB
Threads:	1
--- 12:31:29 ---
VmSize:	    2344 kB
VmRSS:	    1272 kB
VmPTE:	      48 kB
HugetlbPages:	       0 kB
Threads:	1
--- 12:31:39 ---
VmSize:	    2344 kB
VmRSS:	    1272 kB
VmPTE:	      48 kB
HugetlbPages:	       0 kB
Threads:	1
--- 12:31:49 ---
VmSize:	    2344 kB
VmRSS:	    1272 kB
VmPTE:	      48 kB
HugetlbPages:	       0 kB
Threads:	1
--- 12:31:59 ---
VmSize:	    2344 kB
VmRSS:	    1272 kB
VmPTE:	      48 kB
HugetlbPages:	       0 kB
Threads:	1
--- 12:32:09 ---
VmSize:	    2344 kB
VmRSS:	    1272 kB
VmPTE:	      48 kB
HugetlbPages:	       0 kB
Threads:	1
--- 12:32:19 ---
VmSize:	    2344 kB
VmRSS:	    1272 kB
VmPTE:	      48 kB
HugetlbPages:	       0 kB
Threads:	1
--- 12:32:29 ---
VmSize:	    2344 kB
VmRSS:	    1272 kB
VmPTE:	      48 kB
HugetlbPages:	       0 kB
Threads:	1
--- 12:32:39 ---
VmSize:	    2344 kB
VmRSS:	    1272 kB
VmPTE:	      48 kB
HugetlbPages:	       0 kB
Threads:	1
--- 12:32:49 ---
VmSize:	    2344 kB
VmRSS:	    1272 kB
VmPTE:	      48 kB
HugetlbPages:	       0 kB
Threads:	1
--- 12:32:59 ---
VmSize:	    2344 kB
VmRSS:	    1272 kB
VmPTE:	      48 kB
HugetlbPages:	       0 kB
Threads:	1
--- 12:33:09 ---
VmSize:	    2344 kB
VmRSS:	    1272 kB
VmPTE:	      48 kB
HugetlbPages:	       0 kB
Threads:	1
--- 12:33:19 ---
VmSize:	    2344 kB
VmRSS:	    1272 kB
VmPTE:	      48 kB
HugetlbPages:	       0 kB
Threads:	1
--- 12:33:29 ---
VmSize:	    2344 kB
VmRSS:	    1272 kB
VmPTE:	      48 kB
HugetlbPages:	       0 kB
Threads:	1
--- 12:33:39 ---
VmSize:	    2344 kB
VmRSS:	    1272 kB
VmPTE:	      48 kB
HugetlbPages:	       0 kB
Threads:	1
--- 12:33:49 ---
VmSize:	    2344 kB
VmRSS:	    1272 kB
VmPTE:	      48 kB
HugetlbPages:	       0 kB
Threads:	1
--- 12:33:59 ---
VmSize:	    2344 kB
VmRSS:	    1272 kB
VmPTE:	      48 kB
HugetlbPages:	       0 kB
Threads:	1
--- 12:34:09 ---
VmSize:	    2344 kB
VmRSS:	    1272 kB
VmPTE:	      48 kB
HugetlbPages:	       0 kB
Threads:	1
--- 12:34:19 ---
VmSize:	    2344 kB
VmRSS:	    1272 kB
VmPTE:	      48 kB
HugetlbPages:	       0 kB
Threads:	1
--- 12:34:29 ---
VmSize:	    2344 kB
VmRSS:	    1272 kB
VmPTE:	      48 kB
HugetlbPages:	       0 kB
Threads:	1
--- 12:34:39 ---
VmSize:	    2344 kB
VmRSS:	    1272 kB
VmPTE:	      48 kB
HugetlbPages:	       0 kB
Threads:	1
--- 12:34:49 ---
VmSize:	    2344 kB
VmRSS:	    1272 kB
VmPTE:	      48 kB
HugetlbPages:	       0 kB
Threads:	1
--- 12:34:59 ---
VmSize:	    2344 kB
VmRSS:	    1272 kB
VmPTE:	      48 kB
HugetlbPages:	       0 kB
Threads:	1
--- 12:35:09 ---
VmSize:	    2344 kB
VmRSS:	    1272 kB
VmPTE:	      48 kB
HugetlbPages:	       0 kB
Threads:	1
--- 12:35:19 ---
VmSize:	    2344 kB
VmRSS:	    1272 kB
VmPTE:	      48 kB
HugetlbPages:	       0 kB
Threads:	1
--- 12:35:29 ---
VmSize:	    2344 kB
VmRSS:	    1272 kB
VmPTE:	      48 kB
HugetlbPages:	       0 kB
Threads:	1
--- 12:35:39 ---
VmSize:	    2344 kB
VmRSS:	    1272 kB
VmPTE:	      48 kB
HugetlbPages:	       0 kB
Threads:	1
--- 12:35:49 ---
VmSize:	    2344 kB
VmRSS:	    1272 kB
VmPTE:	      48 kB
HugetlbPages:	       0 kB
Threads:	1
--- 12:35:59 ---
VmSize:	    2344 kB
VmRSS:	    1272 kB
VmPTE:	      48 kB
HugetlbPages:	       0 kB
Threads:	1
--- 12:36:09 ---
VmSize:	    2344 kB
VmRSS:	    1272 kB
VmPTE:	      48 kB
HugetlbPages:	       0 kB
Threads:	1
--- 12:36:19 ---
VmSize:	    2344 kB
VmRSS:	    1272 kB
VmPTE:	      48 kB
HugetlbPages:	       0 kB
Threads:	1
--- 12:36:29 ---
VmSize:	    2344 kB
VmRSS:	    1272 kB
VmPTE:	      48 kB
HugetlbPages:	       0 kB
Threads:	1
--- 12:36:39 ---
VmSize:	    2344 kB
VmRSS:	    1272 kB
VmPTE:	      48 kB
HugetlbPages:	       0 kB
Threads:	1
--- 12:36:49 ---
VmSize:	    2344 kB
VmRSS:	    1272 kB
VmPTE:	      48 kB
HugetlbPages:	       0 kB
Threads:	1
--- 12:36:59 ---
VmSize:	    2344 kB
VmRSS:	    1272 kB
VmPTE:	      48 kB
HugetlbPages:	       0 kB
Threads:	1
--- 12:37:09 ---
VmSize:	    2344 kB
VmRSS:	    1272 kB
VmPTE:	      48 kB
HugetlbPages:	       0 kB
Threads:	1
--- 12:37:19 ---
VmSize:	    2344 kB
VmRSS:	    1272 kB
VmPTE:	      48 kB
HugetlbPages:	       0 kB
Threads:	1
--- 12:37:29 ---
VmSize:	    2344 kB
VmRSS:	    1272 kB
VmPTE:	      48 kB
HugetlbPages:	       0 kB
Threads:	1
--- 12:37:39 ---
VmSize:	    2344 kB
VmRSS:	    1272 kB
VmPTE:	      48 kB
HugetlbPages:	       0 kB
Threads:	1
--- 12:37:49 ---
VmSize:	    2344 kB
VmRSS:	    1272 kB
VmPTE:	      48 kB
HugetlbPages:	       0 kB
Threads:	1
--- 12:37:59 ---
VmSize:	    2344 kB
VmRSS:	    1272 kB
VmPTE:	      48 kB
HugetlbPages:	       0 kB
Threads:	1
--- 12:38:09 ---
VmSize:	    2344 kB
VmRSS:	    1272 kB
VmPTE:	      48 kB
HugetlbPages:	       0 kB
Threads:	1
--- 12:38:19 ---
VmSize:	    2344 kB
VmRSS:	    1272 kB
VmPTE:	      48 kB
HugetlbPages:	       0 kB
Threads:	1
--- 12:38:29 ---
VmSize:	    2344 kB
VmRSS:	    1272 kB
VmPTE:	      48 kB
HugetlbPages:	       0 kB
Threads:	1
--- 12:38:39 ---
VmSize:	    2344 kB
VmRSS:	    1272 kB
VmPTE:	      48 kB
HugetlbPages:	       0 kB
Threads:	1
--- 12:38:49 ---
VmSize:	    2344 kB
VmRSS:	    1272 kB
VmPTE:	      48 kB
HugetlbPages:	       0 kB
Threads:	1
--- 12:38:59 ---
VmSize:	    2344 kB
VmRSS:	    1272 kB
VmPTE:	      48 kB
HugetlbPages:	       0 kB
Threads:	1
--- 12:39:09 ---
VmSize:	    2344 kB
VmRSS:	    1272 kB
VmPTE:	      48 kB
HugetlbPages:	       0 kB
Threads:	1
--- 12:39:19 ---
VmSize:	    2344 kB
VmRSS:	    1272 kB
VmPTE:	      48 kB
HugetlbPages:	       0 kB
Threads:	1
--- 12:39:29 ---
VmSize:	    2344 kB
VmRSS:	    1272 kB
VmPTE:	      48 kB
HugetlbPages:	       0 kB
Threads:	1
--- 12:39:39 ---
VmSize:	    2344 kB
VmRSS:	    1272 kB
VmPTE:	      48 kB
HugetlbPages:	       0 kB
Threads:	1
--- 12:39:49 ---
VmSize:	    2344 kB
VmRSS:	    1272 kB
VmPTE:	      48 kB
HugetlbPages:	       0 kB
Threads:	1
--- 12:39:59 ---
VmSize:	    2344 kB
VmRSS:	    1272 kB
VmPTE:	      48 kB
HugetlbPages:	       0 kB
Threads:	1
--- 12:40:09 ---
VmSize:	    2344 kB
VmRSS:	    1272 kB
VmPTE:	      48 kB
HugetlbPages:	       0 kB
Threads:	1
--- 12:40:19 ---
VmSize:	    2344 kB
VmRSS:	    1272 kB
VmPTE:	      48 kB
HugetlbPages:	       0 kB
Threads:	1
--- 12:40:29 ---
VmSize:	    2344 kB
VmRSS:	    1272 kB
VmPTE:	      48 kB
HugetlbPages:	       0 kB
Threads:	1
--- 12:40:39 ---
VmSize:	    2344 kB
VmRSS:	    1272 kB
VmPTE:	      48 kB
HugetlbPages:	       0 kB
Threads:	1
--- 12:40:49 ---
VmSize:	    2344 kB
VmRSS:	    1272 kB
VmPTE:	      48 kB
HugetlbPages:	       0 kB
Threads:	1
--- 12:40:59 ---
VmSize:	    2344 kB
VmRSS:	    1272 kB
VmPTE:	      48 kB
HugetlbPages:	       0 kB
Threads:	1
--- 12:41:09 ---
VmSize:	    2344 kB
VmRSS:	    1272 kB
VmPTE:	      48 kB
HugetlbPages:	       0 kB
Threads:	1
--- 12:41:19 ---
VmSize:	    2344 kB
VmRSS:	    1272 kB
VmPTE:	      48 kB
HugetlbPages:	       0 kB
Threads:	1
--- 12:41:29 ---
VmSize:	    2344 kB
VmRSS:	    1272 kB
VmPTE:	      48 kB
HugetlbPages:	       0 kB
Threads:	1
--- 12:41:39 ---
VmSize:	    2344 kB
VmRSS:	    1272 kB
VmPTE:	      48 kB
HugetlbPages:	       0 kB
Threads:	1
--- 12:41:49 ---
VmSize:	    2344 kB
VmRSS:	    1272 kB
VmPTE:	      48 kB
HugetlbPages:	       0 kB
Threads:	1
--- 12:41:59 ---
VmSize:	    2344 kB
VmRSS:	    1272 kB
VmPTE:	      48 kB
HugetlbPages:	       0 kB
Threads:	1
--- 12:42:09 ---
VmSize:	    2344 kB
VmRSS:	    1272 kB
VmPTE:	      48 kB
HugetlbPages:	       0 kB
Threads:	1
--- 12:42:19 ---
VmSize:	    2344 kB
VmRSS:	    1272 kB
VmPTE:	      48 kB
HugetlbPages:	       0 kB
Threads:	1
--- 12:42:29 ---
VmSize:	    2344 kB
VmRSS:	    1272 kB
VmPTE:	      48 kB
HugetlbPages:	       0 kB
Threads:	1
--- 12:42:39 ---
VmSize:	    2344 kB
VmRSS:	    1272 kB
VmPTE:	      48 kB
HugetlbPages:	       0 kB
Threads:	1
--- 12:42:49 ---
VmSize:	    2344 kB
VmRSS:	    1272 kB
VmPTE:	      48 kB
HugetlbPages:	       0 kB
Threads:	1
--- 12:42:59 ---
VmSize:	    2344 kB
VmRSS:	    1272 kB
VmPTE:	      48 kB
HugetlbPages:	       0 kB
Threads:	1
--- 12:43:09 ---
VmSize:	    2344 kB
VmRSS:	    1272 kB
VmPTE:	      48 kB
HugetlbPages:	       0 kB
Threads:	1
--- 12:43:19 ---
VmSize:	    2344 kB
VmRSS:	    1272 kB
VmPTE:	      48 kB
HugetlbPages:	       0 kB
Threads:	1
--- 12:43:29 ---
VmSize:	    2344 kB
VmRSS:	    1272 kB
VmPTE:	      48 kB
HugetlbPages:	       0 kB
Threads:	1
--- 12:43:39 ---
VmSize:	    2344 kB
VmRSS:	    1272 kB
VmPTE:	      48 kB
HugetlbPages:	       0 kB
Threads:	1
--- 12:43:49 ---
VmSize:	    2344 kB
VmRSS:	    1272 kB
VmPTE:	      48 kB
HugetlbPages:	       0 kB
Threads:	1
--- 12:43:59 ---
VmSize:	    2344 kB
VmRSS:	    1272 kB
VmPTE:	      48 kB
HugetlbPages:	       0 kB
Threads:	1
--- 12:44:09 ---
VmSize:	    2344 kB
VmRSS:	    1272 kB
VmPTE:	      48 kB
HugetlbPages:	       0 kB
Threads:	1
--- 12:44:19 ---
VmSize:	    2344 kB
VmRSS:	    1272 kB
VmPTE:	      48 kB
HugetlbPages:	       0 kB
Threads:	1
--- 12:44:29 ---
VmSize:	    2344 kB
VmRSS:	    1272 kB
VmPTE:	      48 kB
HugetlbPages:	       0 kB
Threads:	1
--- 12:44:39 ---
VmSize:	    2344 kB
VmRSS:	    1272 kB
VmPTE:	      48 kB
HugetlbPages:	       0 kB
Threads:	1
--- 12:44:49 ---
VmSize:	    2344 kB
VmRSS:	    1272 kB
VmPTE:	      48 kB
HugetlbPages:	       0 kB
Threads:	1
--- 12:44:59 ---
VmSize:	    2344 kB
VmRSS:	    1272 kB
VmPTE:	      48 kB
HugetlbPages:	       0 kB
Threads:	1
--- 12:45:09 ---
VmSize:	    2344 kB
VmRSS:	    1272 kB
VmPTE:	      48 kB
HugetlbPages:	       0 kB
Threads:	1
--- 12:45:19 ---
VmSize:	    2344 kB
VmRSS:	    1272 kB
VmPTE:	      48 kB
HugetlbPages:	       0 kB
Threads:	1
--- 12:45:29 ---
VmSize:	    2344 kB
VmRSS:	    1272 kB
VmPTE:	      48 kB
HugetlbPages:	       0 kB
Threads:	1
--- 12:45:39 ---
VmSize:	    2344 kB
VmRSS:	    1272 kB
VmPTE:	      48 kB
HugetlbPages:	       0 kB
Threads:	1
--- 12:45:49 ---
VmSize:	    2344 kB
VmRSS:	    1272 kB
VmPTE:	      48 kB
HugetlbPages:	       0 kB
Threads:	1
--- 12:45:59 ---
VmSize:	    2344 kB
VmRSS:	    1272 kB
VmPTE:	      48 kB
HugetlbPages:	       0 kB
Threads:	1
--- 12:46:09 ---
VmSize:	    2344 kB
VmRSS:	    1272 kB
VmPTE:	      48 kB
HugetlbPages:	       0 kB
Threads:	1
--- 12:46:19 ---
VmSize:	    2344 kB
VmRSS:	    1272 kB
VmPTE:	      48 kB
HugetlbPages:	       0 kB
Threads:	1
--- 12:46:29 ---
VmSize:	    2344 kB
VmRSS:	    1272 kB
VmPTE:	      48 kB
HugetlbPages:	       0 kB
Threads:	1
--- 12:46:39 ---
VmSize:	    2344 kB
VmRSS:	    1272 kB
VmPTE:	      48 kB
HugetlbPages:	       0 kB
Threads:	1
--- 12:46:49 ---
VmSize:	    2344 kB
VmRSS:	    1272 kB
VmPTE:	      48 kB
HugetlbPages:	       0 kB
Threads:	1
--- 12:46:59 ---
VmSize:	    2344 kB
VmRSS:	    1272 kB
VmPTE:	      48 kB
HugetlbPages:	       0 kB
Threads:	1
--- 12:47:09 ---
VmSize:	    2344 kB
VmRSS:	    1272 kB
VmPTE:	      48 kB
HugetlbPages:	       0 kB
Threads:	1
--- 12:47:19 ---
VmSize:	    2344 kB
VmRSS:	    1272 kB
VmPTE:	      48 kB
HugetlbPages:	       0 kB
Threads:	1
--- 12:47:29 ---
VmSize:	    2344 kB
VmRSS:	    1272 kB
VmPTE:	      48 kB
HugetlbPages:	       0 kB
Threads:	1
--- 12:47:39 ---
VmSize:	    2344 kB
VmRSS:	    1272 kB
VmPTE:	      48 kB
HugetlbPages:	       0 kB
Threads:	1
--- 12:47:49 ---
VmSize:	    2344 kB
VmRSS:	    1272 kB
VmPTE:	      48 kB
HugetlbPages:	       0 kB
Threads:	1
--- 12:47:59 ---
VmSize:	    2344 kB
VmRSS:	    1272 kB
VmPTE:	      48 kB
HugetlbPages:	       0 kB
Threads:	1
--- 12:48:09 ---
VmSize:	    2344 kB
VmRSS:	    1272 kB
VmPTE:	      48 kB
HugetlbPages:	       0 kB
Threads:	1
--- 12:48:19 ---
VmSize:	    2344 kB
VmRSS:	    1272 kB
VmPTE:	      48 kB
HugetlbPages:	       0 kB
Threads:	1
--- 12:48:29 ---
VmSize:	    2344 kB
VmRSS:	    1272 kB
VmPTE:	      48 kB
HugetlbPages:	       0 kB
Threads:	1
--- 12:48:39 ---
VmSize:	    2344 kB
VmRSS:	    1272 kB
VmPTE:	      48 kB
HugetlbPages:	       0 kB
Threads:	1
--- 12:48:49 ---
VmSize:	    2344 kB
VmRSS:	    1272 kB
VmPTE:	      48 kB
HugetlbPages:	       0 kB
Threads:	1
--- 12:48:59 ---
VmSize:	    2344 kB
VmRSS:	    1272 kB
VmPTE:	      48 kB
HugetlbPages:	       0 kB
Threads:	1
--- 12:49:09 ---
VmSize:	    2344 kB
VmRSS:	    1272 kB
VmPTE:	      48 kB
HugetlbPages:	       0 kB
Threads:	1
--- 12:49:19 ---
VmSize:	    2344 kB
VmRSS:	    1272 kB
VmPTE:	      48 kB
HugetlbPages:	       0 kB
Threads:	1
--- 12:49:29 ---
VmSize:	    2344 kB
VmRSS:	    1272 kB
VmPTE:	      48 kB
HugetlbPages:	       0 kB
Threads:	1
--- 12:49:39 ---
VmSize:	    2344 kB
VmRSS:	    1272 kB
VmPTE:	      48 kB
HugetlbPages:	       0 kB
Threads:	1
--- 12:49:49 ---
VmSize:	    2344 kB
VmRSS:	    1272 kB
VmPTE:	      48 kB
HugetlbPages:	       0 kB
Threads:	1
--- 12:49:59 ---
VmSize:	    2344 kB
VmRSS:	    1272 kB
VmPTE:	      48 kB
HugetlbPages:	       0 kB
Threads:	1
--- 12:50:09 ---
VmSize:	    2344 kB
VmRSS:	    1272 kB
VmPTE:	      48 kB
HugetlbPages:	       0 kB
Threads:	1
--- 12:50:19 ---
VmSize:	    2344 kB
VmRSS:	    1272 kB
VmPTE:	      48 kB
HugetlbPages:	       0 kB
Threads:	1
--- 12:50:29 ---
VmSize:	    2344 kB
VmRSS:	    1272 kB
VmPTE:	      48 kB
HugetlbPages:	       0 kB
Threads:	1
--- 12:50:39 ---
VmSize:	    2344 kB
VmRSS:	    1272 kB
VmPTE:	      48 kB
HugetlbPages:	       0 kB
Threads:	1
--- 12:50:49 ---
VmSize:	    2344 kB
VmRSS:	    1272 kB
VmPTE:	      48 kB
HugetlbPages:	       0 kB
Threads:	1
--- 12:50:59 ---
VmSize:	    2344 kB
VmRSS:	    1272 kB
VmPTE:	      48 kB
HugetlbPages:	       0 kB
Threads:	1
--- 12:51:09 ---
VmSize:	    2344 kB
VmRSS:	    1272 kB
VmPTE:	      48 kB
HugetlbPages:	       0 kB
Threads:	1
--- 12:51:19 ---
VmSize:	    2344 kB
VmRSS:	    1272 kB
VmPTE:	      48 kB
HugetlbPages:	       0 kB
Threads:	1
--- 12:51:29 ---
VmSize:	    2344 kB
VmRSS:	    1272 kB
VmPTE:	      48 kB
HugetlbPages:	       0 kB
Threads:	1
--- 12:51:39 ---
VmSize:	    2344 kB
VmRSS:	    1272 kB
VmPTE:	      48 kB
HugetlbPages:	       0 kB
Threads:	1
--- 12:51:49 ---
VmSize:	    2344 kB
VmRSS:	    1272 kB
VmPTE:	      48 kB
HugetlbPages:	       0 kB
Threads:	1
--- 12:51:59 ---
VmSize:	    2344 kB
VmRSS:	    1272 kB
VmPTE:	      48 kB
HugetlbPages:	       0 kB
Threads:	1
--- 12:52:09 ---
VmSize:	    2344 kB
VmRSS:	    1272 kB
VmPTE:	      48 kB
HugetlbPages:	       0 kB
Threads:	1
--- 12:52:19 ---
VmSize:	    2344 kB
VmRSS:	    1272 kB
VmPTE:	      48 kB
HugetlbPages:	       0 kB
Threads:	1
--- 12:52:29 ---
VmSize:	    2344 kB
VmRSS:	    1272 kB
VmPTE:	      48 kB
HugetlbPages:	       0 kB
Threads:	1
--- 12:52:40 ---
VmSize:	    2344 kB
VmRSS:	    1272 kB
VmPTE:	      48 kB
HugetlbPages:	       0 kB
Threads:	1
--- 12:52:50 ---
VmSize:	    2344 kB
VmRSS:	    1272 kB
VmPTE:	      48 kB
HugetlbPages:	       0 kB
Threads:	1
--- 12:53:00 ---
VmSize:	    2344 kB
VmRSS:	    1272 kB
VmPTE:	      48 kB
HugetlbPages:	       0 kB
Threads:	1
--- 12:53:10 ---
VmSize:	    2344 kB
VmRSS:	    1272 kB
VmPTE:	      48 kB
HugetlbPages:	       0 kB
Threads:	1
--- 12:53:20 ---
VmSize:	    2344 kB
VmRSS:	    1272 kB
VmPTE:	      48 kB
HugetlbPages:	       0 kB
Threads:	1
--- 12:53:30 ---
VmSize:	    2344 kB
VmRSS:	    1272 kB
VmPTE:	      48 kB
HugetlbPages:	       0 kB
Threads:	1
--- 12:53:40 ---
VmSize:	    2344 kB
VmRSS:	    1272 kB
VmPTE:	      48 kB
HugetlbPages:	       0 kB
Threads:	1
--- 12:53:50 ---
VmSize:	    2344 kB
VmRSS:	    1272 kB
VmPTE:	      48 kB
HugetlbPages:	       0 kB
Threads:	1
--- 12:54:00 ---
VmSize:	    2344 kB
VmRSS:	    1272 kB
VmPTE:	      48 kB
HugetlbPages:	       0 kB
Threads:	1
--- 12:54:10 ---
VmSize:	    2344 kB
VmRSS:	    1272 kB
VmPTE:	      48 kB
HugetlbPages:	       0 kB
Threads:	1
--- 12:54:20 ---
VmSize:	    2344 kB
VmRSS:	    1272 kB
VmPTE:	      48 kB
HugetlbPages:	       0 kB
Threads:	1
--- 12:54:30 ---
VmSize:	    2344 kB
VmRSS:	    1272 kB
VmPTE:	      48 kB
HugetlbPages:	       0 kB
Threads:	1
--- 12:54:40 ---
VmSize:	    2344 kB
VmRSS:	    1272 kB
VmPTE:	      48 kB
HugetlbPages:	       0 kB
Threads:	1
--- 12:54:50 ---
VmSize:	    2344 kB
VmRSS:	    1272 kB
VmPTE:	      48 kB
HugetlbPages:	       0 kB
Threads:	1
--- 12:55:00 ---
VmSize:	    2344 kB
VmRSS:	    1272 kB
VmPTE:	      48 kB
HugetlbPages:	       0 kB
Threads:	1
--- 12:55:10 ---
VmSize:	    2344 kB
VmRSS:	    1272 kB
VmPTE:	      48 kB
HugetlbPages:	       0 kB
Threads:	1
--- 12:55:20 ---
VmSize:	    2344 kB
VmRSS:	    1272 kB
VmPTE:	      48 kB
HugetlbPages:	       0 kB
Threads:	1
--- 12:55:30 ---
VmSize:	    2344 kB
VmRSS:	    1272 kB
VmPTE:	      48 kB
HugetlbPages:	       0 kB
Threads:	1
--- 12:55:40 ---
VmSize:	    2344 kB
VmRSS:	    1272 kB
VmPTE:	      48 kB
HugetlbPages:	       0 kB
Threads:	1
--- 12:55:50 ---
VmSize:	    2344 kB
VmRSS:	    1272 kB
VmPTE:	      48 kB
HugetlbPages:	       0 kB
Threads:	1
--- 12:56:00 ---
VmSize:	    2344 kB
VmRSS:	    1272 kB
VmPTE:	      48 kB
HugetlbPages:	       0 kB
Threads:	1
--- 12:56:10 ---
VmSize:	    2344 kB
VmRSS:	    1272 kB
VmPTE:	      48 kB
HugetlbPages:	       0 kB
Threads:	1
--- 12:56:20 ---
VmSize:	    2344 kB
VmRSS:	    1272 kB
VmPTE:	      48 kB
HugetlbPages:	       0 kB
Threads:	1
--- 12:56:30 ---
VmSize:	    2344 kB
VmRSS:	    1272 kB
VmPTE:	      48 kB
HugetlbPages:	       0 kB
Threads:	1
--- 12:56:40 ---
VmSize:	    2344 kB
VmRSS:	    1272 kB
VmPTE:	      48 kB
HugetlbPages:	       0 kB
Threads:	1
--- 12:56:50 ---
VmSize:	    2344 kB
VmRSS:	    1272 kB
VmPTE:	      48 kB
HugetlbPages:	       0 kB
Threads:	1
--- 12:57:00 ---
VmSize:	    2344 kB
VmRSS:	    1272 kB
VmPTE:	      48 kB
HugetlbPages:	       0 kB
Threads:	1
--- 12:57:10 ---
VmSize:	    2344 kB
VmRSS:	    1272 kB
VmPTE:	      48 kB
HugetlbPages:	       0 kB
Threads:	1
--- 12:57:20 ---
VmSize:	    2344 kB
VmRSS:	    1272 kB
VmPTE:	      48 kB
HugetlbPages:	       0 kB
Threads:	1
--- 12:57:30 ---
VmSize:	    2344 kB
VmRSS:	    1272 kB
VmPTE:	      48 kB
HugetlbPages:	       0 kB
Threads:	1
--- 12:57:40 ---
VmSize:	    2344 kB
VmRSS:	    1272 kB
VmPTE:	      48 kB
HugetlbPages:	       0 kB
Threads:	1
--- 12:57:50 ---
VmSize:	    2344 kB
VmRSS:	    1272 kB
VmPTE:	      48 kB
HugetlbPages:	       0 kB
Threads:	1
--- 12:58:00 ---
VmSize:	    2344 kB
VmRSS:	    1272 kB
VmPTE:	      48 kB
HugetlbPages:	       0 kB
Threads:	1
--- 12:58:10 ---
VmSize:	    2344 kB
VmRSS:	    1272 kB
VmPTE:	      48 kB
HugetlbPages:	       0 kB
Threads:	1
--- 12:58:20 ---
VmSize:	    2344 kB
VmRSS:	    1272 kB
VmPTE:	      48 kB
HugetlbPages:	       0 kB
Threads:	1
--- 12:58:30 ---
VmSize:	    2344 kB
VmRSS:	    1272 kB
VmPTE:	      48 kB
HugetlbPages:	       0 kB
Threads:	1
--- 12:58:40 ---
VmSize:	    2344 kB
VmRSS:	    1272 kB
VmPTE:	      48 kB
HugetlbPages:	       0 kB
Threads:	1
--- 12:58:50 ---
VmSize:	    2344 kB
VmRSS:	    1272 kB
VmPTE:	      48 kB
HugetlbPages:	       0 kB
Threads:	1
--- 12:59:00 ---
VmSize:	    2344 kB
VmRSS:	    1272 kB
VmPTE:	      48 kB
HugetlbPages:	       0 kB
Threads:	1
--- 12:59:10 ---
VmSize:	    2344 kB
VmRSS:	    1272 kB
VmPTE:	      48 kB
HugetlbPages:	       0 kB
Threads:	1
--- 12:59:20 ---
VmSize:	    2344 kB
VmRSS:	    1272 kB
VmPTE:	      48 kB
HugetlbPages:	       0 kB
Threads:	1
--- 12:59:30 ---
VmSize:	    2344 kB
VmRSS:	    1272 kB
VmPTE:	      48 kB
HugetlbPages:	       0 kB
Threads:	1
--- 12:59:40 ---
VmSize:	    2344 kB
VmRSS:	    1272 kB
VmPTE:	      48 kB
HugetlbPages:	       0 kB
Threads:	1
--- 12:59:50 ---
VmSize:	    2344 kB
VmRSS:	    1272 kB
VmPTE:	      48 kB
HugetlbPages:	       0 kB
Threads:	1
--- 13:00:00 ---
VmSize:	    2344 kB
VmRSS:	    1272 kB
VmPTE:	      48 kB
HugetlbPages:	       0 kB
Threads:	1
--- 13:00:10 ---
VmSize:	    2344 kB
VmRSS:	    1272 kB
VmPTE:	      48 kB
HugetlbPages:	       0 kB
Threads:	1
--- 13:00:20 ---
VmSize:	    2344 kB
VmRSS:	    1272 kB
VmPTE:	      48 kB
HugetlbPages:	       0 kB
Threads:	1
--- 13:00:30 ---
VmSize:	    2344 kB
VmRSS:	    1272 kB
VmPTE:	      48 kB
HugetlbPages:	       0 kB
Threads:	1
--- 13:00:40 ---
VmSize:	    2344 kB
VmRSS:	    1272 kB
VmPTE:	      48 kB
HugetlbPages:	       0 kB
Threads:	1
--- 13:00:50 ---
VmSize:	    2344 kB
VmRSS:	    1272 kB
VmPTE:	      48 kB
HugetlbPages:	       0 kB
Threads:	1
--- 13:01:00 ---
VmSize:	    2344 kB
VmRSS:	    1272 kB
VmPTE:	      48 kB
HugetlbPages:	       0 kB
Threads:	1
--- 13:01:10 ---
VmSize:	    2344 kB
VmRSS:	    1272 kB
VmPTE:	      48 kB
HugetlbPages:	       0 kB
Threads:	1
